
 ***********************************
 * Supernova Explosion Code (SNEC) *
 ***********************************

 Removing output directory contents: Data
 Using the Paczynski EOS!
 Profile file: profiles/stripped_star.short
 We have         1482 profile zones.
 We have         1482 composition profile zones.
************************************************************
 Operating in Thermal Bomb Mode  1
 Bomb energy is spread over =            6 points
 Total energy of the model =   -8.9091865990063524E+050  ergs
 Total energy of the bomb =    1.8909186599006351E+051  ergs
************************************************************
 composing opacity tables from OPAL (may take a few minutes)...
 finished composing opacity tables
      nt           time          dtime       max(rho)       shockpos
       0   0.000000E+00   1.025000E-08   1.071201E+08   9.472167E+07
    1000   5.743845E+01   2.135588E-01   1.706965E+02   5.067513E+10
 finished tracing the shock position
 Time of breakout is   670.07664412556551     
    2000   1.703075E+03   3.439311E+00   4.237704E-02   4.506171E+12
    3000   8.297130E+03   1.273256E+01   5.061854E-04   2.720025E+13
    4000   8.128647E+04   3.278287E+02   2.462482E-07   2.827053E+14
 Done! :-) tend reached
