
 ***********************************
 * Supernova Explosion Code (SNEC) *
 ***********************************

 Smooth Ni luminosity:  0
 Solver: epstol_hydro= 1.00E-05  epstol_rad= 1.00E-05  itmax_hydro=  15  itmax_rad=  60
 Output mode:  0
 Removing output directory contents: Data
 Using the Paczynski EOS!
 Profile file: profiles/stripped_star.short
 We have         1482 profile zones.
 We have         1482 composition profile zones.
 Ni mixing (step): kernel=1, q_mix =  0.31000000000000000       mix_outer_mass =   2.5016567616319918       Msun
    X_Ni =  0.02723
  --- Ni mass diagnostics (after kernel + normalize) ---
    Total in profile:     2.99787E-02 Msun
    Above excision:       2.99787E-02 Msun
    Below excision:       0.00000E+00 Msun
  Boxcar smoothing (all species): nominal_mass= 0.4000 Msun, iterations=  4
  Boxcar smoothing (Ni only):    nominal_mass= 0.4000 Msun, iterations=  4
  --- Ni mass diagnostics (after boxcar smoothing) ---
    Total in profile:     2.99787E-02 Msun
    Above excision:       2.99787E-02 Msun
    Below excision (LOST): 0.00000E+00 Msun
  --- Ni mass diagnostics (on grid) ---
    Ni on grid:           2.99734E-02 Msun
    Expected (parameter): 3.00000E-02 Msun
    Ratio grid/expected:    99.91 %
    Ejecta mass on grid:  3.55380E+00 Msun
************************************************************
 Operating in Thermal Bomb Mode  1
 Bomb energy is spread over =            2 points
 Total energy of the model =   -8.7292962303936370E+050  ergs
 Total energy of the bomb =    1.8729296230393635E+051  ergs
************************************************************
 composing opacity tables from OPAL (may take a few minutes)...
 finished composing opacity tables
      nt           time          dtime       max(rho)       shockpos
       0   0.000000E+00   1.025000E-08   8.902049E+07   9.952352E+07
    1000   1.166966E+02   7.336627E-01   3.082640E+01   1.220086E+11
 finished tracing the shock position
 Time of breakout is   701.24970315812891     
    2000   3.846195E+03   5.544466E+00   8.076006E-03   1.966370E+13
    3000   7.930670E+04   4.310707E+02   2.448173E-07   4.701770E+14
 EOS problem   1.4104800831568307E-005          93
 Scratching entire step...        3234
         time,dt,dt_new:    4.442084E+05   4.689157E+03   2.344578E+03
 EOS problem   1.3482400849554881E-005          94
 Scratching entire step...        3289
         time,dt,dt_new:    7.149458E+05   8.981965E+03   4.490983E+03
 EOS problem   1.6552029462841570E-005          93
 Scratching entire step...        3306
         time,dt,dt_new:    8.086490E+05   6.833561E+03   3.416781E+03
 EOS problem   1.2935037450157983E-005          92
 Scratching entire step...        3327
         time,dt,dt_new:    9.015283E+05   5.738763E+03   2.869381E+03
 EOS problem   1.2693028709392072E-005          92
 Scratching entire step...        3365
         time,dt,dt_new:    1.080082E+06   7.333227E+03   3.666614E+03
 EOS problem   1.0173951329326671E-005          92
 Scratching entire step...        3408
         time,dt,dt_new:    1.357501E+06   1.060209E+04   5.301044E+03
 EOS problem   1.0097798220869592E-005          88
 Scratching entire step...        3455
         time,dt,dt_new:    1.822232E+06   1.691933E+04   8.459663E+03
 EOS problem   1.1582564874720774E-005          94
 Scratching entire step...        3505
         time,dt,dt_new:    2.646917E+06   2.907678E+04   1.453839E+04
 EOS problem   1.0615636291807112E-005          93
 Scratching entire step...        3523
         time,dt,dt_new:    2.972379E+06   2.267493E+04   1.133746E+04
 EOS problem   1.0022120752152618E-005          94
 Scratching entire step...        3574
         time,dt,dt_new:    4.116572E+06   3.994230E+04   1.997115E+04
 Done! :-) tend reached after     3605 timesteps
 Ni evals:     53  (remap-forced resets:     52)
 Grid remaps:     52
