
 ***********************************
 * Supernova Explosion Code (SNEC) *
 ***********************************

 Smooth Ni luminosity:  0
 Solver: epstol_hydro= 1.00E-07  epstol_rad= 1.00E-07  itmax_hydro=   6  itmax_rad=  20
 Output mode:  0
 Removing output directory contents: Data
 Using the Paczynski EOS!
 Profile file: profiles/stripped_star.short
 We have         1482 profile zones.
 We have         1482 composition profile zones.
 Ni mixing (step): kernel=1, q_mix =  0.31000000000000000       mix_outer_mass =   2.5016567616319918       Msun
    X_Ni =  0.02723
  --- Ni mass diagnostics (after kernel + normalize) ---
    Total in profile:     2.99787E-02 Msun
    Above excision:       2.99787E-02 Msun
    Below excision:       0.00000E+00 Msun
  Boxcar smoothing (all species): nominal_mass= 0.4000 Msun, iterations=  4
  Boxcar smoothing (Ni only):    nominal_mass= 0.4000 Msun, iterations=  4
  --- Ni mass diagnostics (after boxcar smoothing) ---
    Total in profile:     2.99787E-02 Msun
    Above excision:       2.99787E-02 Msun
    Below excision (LOST): 0.00000E+00 Msun
  --- Ni mass diagnostics (on grid) ---
    Ni on grid:           2.99734E-02 Msun
    Expected (parameter): 3.00000E-02 Msun
    Ratio grid/expected:    99.91 %
    Ejecta mass on grid:  3.55380E+00 Msun
************************************************************
 Operating in Thermal Bomb Mode  1
 Bomb energy is spread over =            2 points
 Total energy of the model =   -8.7292962303936370E+050  ergs
 Total energy of the bomb =    1.8729296230393635E+051  ergs
************************************************************
 composing opacity tables from OPAL (may take a few minutes)...
 finished composing opacity tables
      nt           time          dtime       max(rho)       shockpos
       0   0.000000E+00   1.025000E-08   8.902049E+07   9.952352E+07
    1000   1.167069E+02   7.337816E-01   3.082462E+01   1.220100E+11
 finished tracing the shock position
 Time of breakout is   701.30175370184827     
    2000   3.846781E+03   5.541882E+00   8.080080E-03   1.966546E+13
 EOS problem   1.0228732470884728E-007          96
 Scratching entire step...        2921
         time,dt,dt_new:    5.345946E+04   2.506156E+02   1.253078E+02
 EOS problem   1.0287453592458118E-007          97
 Scratching entire step...        2947
         time,dt,dt_new:    5.797201E+04   2.381215E+02   1.190607E+02
 EOS problem   1.0673598121953787E-007          97
 Scratching entire step...        2975
         time,dt,dt_new:    6.271775E+04   2.377042E+02   1.188521E+02
    3000   6.677747E+04   2.203451E+02   4.381304E-07   3.952234E+14
 EOS problem   1.0158214760148358E-007          97
 Scratching entire step...        3006
         time,dt,dt_new:    6.818498E+04   2.555328E+02   1.277664E+02
 EOS problem   1.0152547238930914E-007          95
 Scratching entire step...        3042
         time,dt,dt_new:    7.550617E+04   3.107963E+02   1.553981E+02
 EOS problem   1.0446524728783643E-007          95
 Scratching entire step...        3067
         time,dt,dt_new:    8.081422E+04   2.880995E+02   1.440497E+02
 EOS problem   1.0271765214175752E-007          95
 Scratching entire step...        3094
         time,dt,dt_new:    8.627544E+04   2.805801E+02   1.402900E+02
 EOS problem   1.0160646586249272E-007          95
 Scratching entire step...        3123
         time,dt,dt_new:    9.214746E+04   2.870906E+02   1.435453E+02
 EOS problem   1.0147115054065235E-007          96
 Scratching entire step...        3152
         time,dt,dt_new:    9.815573E+04   2.937521E+02   1.468761E+02
 EOS problem   1.0001869092983070E-007          96
 Scratching entire step...        3180
         time,dt,dt_new:    1.040102E+05   2.932373E+02   1.466187E+02
 EOS problem   1.0351277368897441E-007          96
 Scratching entire step...        3210
         time,dt,dt_new:    1.104471E+05   3.075425E+02   1.537713E+02
 EOS problem   1.0581401490932805E-007          96
 Scratching entire step...        3240
         time,dt,dt_new:    1.171981E+05   3.225456E+02   1.612728E+02
 EOS problem   1.0165314659341780E-007          96
 Scratching entire step...        3270
         time,dt,dt_new:    1.242784E+05   3.382806E+02   1.691403E+02
 EOS problem   1.1355250603522719E-007          94
 Scratching entire step...        3303
         time,dt,dt_new:    1.327953E+05   3.820628E+02   1.910314E+02
 EOS problem   1.0011221138613506E-007          94
 Scratching entire step...        3327
         time,dt,dt_new:    1.389750E+05   3.455234E+02   1.727617E+02
 EOS problem   1.0871981618416679E-007          94
 Scratching entire step...        3355
         time,dt,dt_new:    1.458613E+05   3.449179E+02   1.724589E+02
 EOS problem   1.0569168742900987E-007          94
 Scratching entire step...        3382
         time,dt,dt_new:    1.523995E+05   3.359155E+02   1.679578E+02
 EOS problem   1.0509371100555360E-007          94
 Scratching entire step...        3410
         time,dt,dt_new:    1.590943E+05   3.353268E+02   1.676634E+02
 EOS problem   1.0834808738199233E-007          94
 Scratching entire step...        3439
         time,dt,dt_new:    1.661120E+05   3.431077E+02   1.715538E+02
 EOS problem   1.1249870182050950E-006          96
 Scratching entire step...        3467
         time,dt,dt_new:    1.729501E+05   3.425064E+02   1.712532E+02
 EOS problem   3.8856064649204027E-007          96
 Scratching entire step...        3467
         time,dt,dt_new:    1.729501E+05   1.712532E+02   8.562659E+01
 EOS problem   1.0952479165095531E-007          95
 Scratching entire step...        3526
         time,dt,dt_new:    1.842271E+05   3.675502E+02   1.837751E+02
 EOS problem   1.0666343650081686E-007          95
 Scratching entire step...        3554
         time,dt,dt_new:    1.915523E+05   3.669061E+02   1.834531E+02
 EOS problem   1.0157531826986553E-007          95
 Scratching entire step...        3580
         time,dt,dt_new:    1.981588E+05   3.486145E+02   1.743073E+02
 EOS problem   1.0211268176591787E-007          95
 Scratching entire step...        3608
         time,dt,dt_new:    2.051066E+05   3.480036E+02   1.740018E+02
 EOS problem   1.0748761294310644E-007          95
 Scratching entire step...        3637
         time,dt,dt_new:    2.123897E+05   3.560785E+02   1.780393E+02
 EOS problem   1.0654564438753666E-007          95
 Scratching entire step...        3665
         time,dt,dt_new:    2.194863E+05   3.554545E+02   1.777273E+02
 EOS problem   1.0464651965052071E-007          95
 Scratching entire step...        3693
         time,dt,dt_new:    2.265705E+05   3.548316E+02   1.774158E+02
 EOS problem   1.0495855432646025E-007          95
 Scratching entire step...        3722
         time,dt,dt_new:    2.339965E+05   3.630650E+02   1.815325E+02
 EOS problem   1.0380646956123419E-007          95
 Scratching entire step...        3751
         time,dt,dt_new:    2.415947E+05   3.714894E+02   1.857447E+02
 EOS problem   1.0318731103910979E-007          95
 Scratching entire step...        3780
         time,dt,dt_new:    2.493693E+05   3.801094E+02   1.900547E+02
 EOS problem   1.0603932908750989E-007          95
 Scratching entire step...        3810
         time,dt,dt_new:    2.577132E+05   3.986525E+02   1.993263E+02
 EOS problem   7.4061210247590420E-007          95
 Scratching entire step...        3818
         time,dt,dt_new:    2.594546E+05   2.428597E+02   1.214299E+02
 EOS problem   1.5533819211649206E-007          96
 Scratching entire step...        3818
         time,dt,dt_new:    2.594546E+05   1.214299E+02   6.071493E+01
 EOS problem   1.2395953526758969E-007          96
 Scratching entire step...        3820
         time,dt,dt_new:    2.595775E+05   6.378862E+01   3.189431E+01
 EOS problem   1.0095573103370189E-007          95
 Scratching entire step...        3925
         time,dt,dt_new:    2.753539E+05   4.263037E+02   2.131518E+02
 EOS problem   1.0574787169110592E-007          95
 Scratching entire step...        3954
         time,dt,dt_new:    2.842756E+05   4.361955E+02   2.180977E+02
 EOS problem   1.0583625902406040E-007          95
 Scratching entire step...        3983
         time,dt,dt_new:    2.934044E+05   4.463168E+02   2.231584E+02
    4000   2.980606E+05   3.395619E+02   2.845314E-09   1.781028E+15
 EOS problem   1.0098515519986901E-007          95
 Scratching entire step...        4011
         time,dt,dt_new:    3.022995E+05   4.455347E+02   2.227673E+02
 EOS problem   1.0108712068917701E-007          95
 Scratching entire step...        4040
         time,dt,dt_new:    3.116237E+05   4.558727E+02   2.279364E+02
 EOS problem   1.0296037662141344E-007          95
 Scratching entire step...        4070
         time,dt,dt_new:    3.216307E+05   4.781119E+02   2.390560E+02
 EOS problem   1.0073092254484161E-007          95
 Scratching entire step...        4099
         time,dt,dt_new:    3.316367E+05   4.892059E+02   2.446029E+02
 EOS problem   1.0457722640445954E-007          95
 Scratching entire step...        4129
         time,dt,dt_new:    3.423754E+05   5.130712E+02   2.565356E+02
 EOS problem   1.8318606374823472E-006          86
 Scratching entire step...        4141
         time,dt,dt_new:    3.459145E+05   3.450119E+02   1.725059E+02
 EOS problem   5.0237109425771741E-007          85
 Scratching entire step...        4141
         time,dt,dt_new:    3.459145E+05   1.725059E+02   8.625297E+01
 EOS problem   8.8154977088221082E-007          97
 Scratching entire step...        4142
         time,dt,dt_new:    3.460007E+05   8.840929E+01   4.420464E+01
 EOS problem   1.0068356720126560E-007          91
 Scratching entire step...        4241
         time,dt,dt_new:    3.646119E+05   5.094840E+02   2.547420E+02
 EOS problem   1.0784032948502956E-007          95
 Scratching entire step...        4266
         time,dt,dt_new:    3.733133E+05   4.722775E+02   2.361387E+02
 EOS problem   1.0296069699691539E-007          95
 Scratching entire step...        4292
         time,dt,dt_new:    3.818171E+05   4.487327E+02   2.243664E+02
 EOS problem   1.0105092667369777E-007          95
 Scratching entire step...        4321
         time,dt,dt_new:    3.912082E+05   4.591450E+02   2.295725E+02
 EOS problem   1.0208682367482277E-007          95
 Scratching entire step...        4351
         time,dt,dt_new:    4.012871E+05   4.815438E+02   2.407719E+02
 EOS problem   1.0067679709552286E-007          95
 Scratching entire step...        4380
         time,dt,dt_new:    4.113649E+05   4.927174E+02   2.463587E+02
 EOS problem   1.0015848749638270E-007          95
 Scratching entire step...        4409
         time,dt,dt_new:    4.216766E+05   5.041503E+02   2.520751E+02
 EOS problem   3.4794469978193614E-006          86
 Scratching entire step...        4439
         time,dt,dt_new:    4.327433E+05   5.287446E+02   2.643723E+02
 EOS problem   1.4966753683359409E-006          85
 Scratching entire step...        4439
         time,dt,dt_new:    4.327433E+05   2.643723E+02   1.321862E+02
 EOS problem   3.2809516915670346E-007          84
 Scratching entire step...        4439
         time,dt,dt_new:    4.327433E+05   1.321862E+02   6.609308E+01
 EOS problem   1.9205019240936728E-007          96
 Scratching entire step...        4440
         time,dt,dt_new:    4.328094E+05   6.774540E+01   3.387270E+01
 EOS problem   1.0480974460391769E-007          91
 Scratching entire step...        4526
         time,dt,dt_new:    4.427828E+05   2.832059E+02   1.416029E+02
 EOS problem   1.1276578566099406E-007          95
 Scratching entire step...        4583
         time,dt,dt_new:    4.602602E+05   5.785389E+02   2.892695E+02
 EOS problem   1.0230311067365761E-007          95
 Scratching entire step...        4603
         time,dt,dt_new:    4.676495E+05   4.740017E+02   2.370009E+02
 EOS problem   1.0747581642544903E-007          95
 Scratching entire step...        4629
         time,dt,dt_new:    4.761843E+05   4.503710E+02   2.251855E+02
 EOS problem   1.0273986140094468E-007          95
 Scratching entire step...        4657
         time,dt,dt_new:    4.851601E+05   4.495817E+02   2.247909E+02
 EOS problem   1.0469723187168751E-007          95
 Scratching entire step...        4688
         time,dt,dt_new:    4.955006E+05   4.833019E+02   2.416509E+02
 EOS problem   1.0215707950181656E-007          95
 Scratching entire step...        4720
         time,dt,dt_new:    5.071361E+05   5.325399E+02   2.662700E+02
 EOS problem   4.7671016202971773E-006          91
 Scratching entire step...        4751
         time,dt,dt_new:    5.193846E+05   5.724822E+02   2.862411E+02
 EOS problem   8.9767926426051711E-007          85
 Scratching entire step...        4751
         time,dt,dt_new:    5.193846E+05   2.862411E+02   1.431206E+02
 EOS problem   2.1169529053206368E-007          84
 Scratching entire step...        4751
         time,dt,dt_new:    5.193846E+05   1.431206E+02   7.156028E+01
 EOS problem   1.6298246417489021E-007          97
 Scratching entire step...        4751
         time,dt,dt_new:    5.193846E+05   7.156028E+01   3.578014E+01
 EOS problem   3.0219281148412604E-007          97
 Scratching entire step...        4754
         time,dt,dt_new:    5.194947E+05   3.853130E+01   1.926565E+01
 EOS problem   1.0007675935582405E-007          90
 Scratching entire step...        4864
         time,dt,dt_new:    5.303779E+05   2.913458E+02   1.456729E+02
 EOS problem   1.0276867720342541E-007          89
 Scratching entire step...        4901
         time,dt,dt_new:    5.390795E+05   3.632134E+02   1.816067E+02
 EOS problem   1.1051384779358236E-007          93
 Scratching entire step...        4958
         time,dt,dt_new:    5.614944E+05   7.419800E+02   3.709900E+02
 EOS problem   1.0678358956763330E-007          93
 Scratching entire step...        4982
         time,dt,dt_new:    5.734956E+05   6.710192E+02   3.355096E+02
    5000   5.810064E+05   5.232805E+02   2.951004E-10   3.497694E+15
 EOS problem   1.0564755299424814E-007          91
 Scratching entire step...        5007
         time,dt,dt_new:    5.849559E+05   6.220160E+02   3.110080E+02
 EOS problem   1.0471191903895653E-007          91
 Scratching entire step...        5037
         time,dt,dt_new:    5.986100E+05   6.523603E+02   3.261802E+02
 EOS problem   3.6012492362463585E-006          90
 Scratching entire step...        5055
         time,dt,dt_new:    6.059119E+05   5.087297E+02   2.543649E+02
 EOS problem   4.7844021337975644E-007          90
 Scratching entire step...        5055
         time,dt,dt_new:    6.059119E+05   2.543649E+02   1.271824E+02
 EOS problem   8.8732200234674674E-007          97
 Scratching entire step...        5055
         time,dt,dt_new:    6.059119E+05   1.271824E+02   6.359122E+01
 EOS problem   2.2834992791876629E-007          96
 Scratching entire step...        5057
         time,dt,dt_new:    6.060407E+05   6.681052E+01   3.340526E+01
 EOS problem   1.0193977944410905E-007          89
 Scratching entire step...        5149
         time,dt,dt_new:    6.176605E+05   3.238997E+02   1.619498E+02
 EOS problem   1.0109631506278429E-007          90
 Scratching entire step...        5189
         time,dt,dt_new:    6.285763E+05   4.348456E+02   2.174228E+02
 EOS problem   1.0903667178171866E-007          91
 Scratching entire step...        5229
         time,dt,dt_new:    6.432312E+05   5.837941E+02   2.918971E+02
 EOS problem   1.1036398304470461E-007          91
 Scratching entire step...        5264
         time,dt,dt_new:    6.592646E+05   6.927317E+02   3.463658E+02
 EOS problem   1.0251914198097501E-007          91
 Scratching entire step...        5292
         time,dt,dt_new:    6.730706E+05   6.915176E+02   3.457588E+02
 EOS problem   1.0000163736679051E-007          91
 Scratching entire step...        5316
         time,dt,dt_new:    6.842556E+05   6.253830E+02   3.126915E+02
 EOS problem   1.6136280648279839E-005          96
 Scratching entire step...        5337
         time,dt,dt_new:    6.927556E+05   5.251909E+02   2.625955E+02
 EOS problem   4.0651685359137998E-006          96
 Scratching entire step...        5337
         time,dt,dt_new:    6.927556E+05   2.625955E+02   1.312977E+02
 EOS problem   1.0281913478701106E-006          97
 Scratching entire step...        5337
         time,dt,dt_new:    6.927556E+05   1.312977E+02   6.564887E+01
 EOS problem   1.7264836533937098E-007          97
 Scratching entire step...        5338
         time,dt,dt_new:    6.928212E+05   6.729009E+01   3.364504E+01
 EOS problem   1.0558486148868313E-007          92
 Scratching entire step...        5459
         time,dt,dt_new:    7.181790E+05   6.675884E+02   3.337942E+02
 EOS problem   1.0529219656406137E-007          90
 Scratching entire step...        5480
         time,dt,dt_new:    7.272526E+05   5.606347E+02   2.803174E+02
 EOS problem   1.0097647102940123E-007          92
 Scratching entire step...        5521
         time,dt,dt_new:    7.468994E+05   7.714868E+02   3.857434E+02
 EOS problem   1.0478736126555057E-007          91
 Scratching entire step...        5550
         time,dt,dt_new:    7.630451E+05   7.893881E+02   3.946941E+02
 EOS problem   1.0066892579686438E-007          91
 Scratching entire step...        5573
         time,dt,dt_new:    7.751166E+05   6.964813E+02   3.482407E+02
 EOS problem   1.3617784845519330E-007          91
 Scratching entire step...        5584
         time,dt,dt_new:    7.794639E+05   4.569219E+02   2.284610E+02
 EOS problem   1.9340809412133041E-006          97
 Scratching entire step...        5585
         time,dt,dt_new:    7.796923E+05   2.341725E+02   1.170862E+02
 EOS problem   7.9661174331009670E-007          97
 Scratching entire step...        5586
         time,dt,dt_new:    7.798094E+05   1.200134E+02   6.000670E+01
 EOS problem   1.1061671695945965E-007          96
 Scratching entire step...        5624
         time,dt,dt_new:    7.835435E+05   1.533581E+02   7.667904E+01
 EOS problem   1.1232057481841352E-007          90
 Scratching entire step...        5687
         time,dt,dt_new:    7.950088E+05   3.633124E+02   1.816562E+02
 EOS problem   1.0615629504943616E-007          90
 Scratching entire step...        5713
         time,dt,dt_new:    8.015506E+05   3.451999E+02   1.726000E+02
 EOS problem   1.0270613418255125E-007          90
 Scratching entire step...        5747
         time,dt,dt_new:    8.106316E+05   3.996245E+02   1.998122E+02
 EOS problem   1.0113486649000883E-007          92
 Scratching entire step...        5807
         time,dt,dt_new:    8.378043E+05   8.791319E+02   4.395659E+02
 EOS problem   1.0552906163686601E-007          92
 Scratching entire step...        5834
         time,dt,dt_new:    8.544692E+05   8.561865E+02   4.280933E+02
 EOS problem   3.0008019632093312E-006          91
 Scratching entire step...        5855
         time,dt,dt_new:    8.661061E+05   7.190177E+02   3.595088E+02
 EOS problem   4.5547085797984393E-007          90
 Scratching entire step...        5855
         time,dt,dt_new:    8.661061E+05   3.595088E+02   1.797544E+02
 EOS problem   3.4039900806852227E-007          97
 Scratching entire step...        5855
         time,dt,dt_new:    8.661061E+05   1.797544E+02   8.987721E+01
 EOS problem   2.2151347430316652E-007          97
 Scratching entire step...        5859
         time,dt,dt_new:    8.664794E+05   9.920762E+01   4.960381E+01
 EOS problem   1.0321033425941656E-007          90
 Scratching entire step...        5940
         time,dt,dt_new:    8.791577E+05   3.665626E+02   1.832813E+02
 EOS problem   1.0934002213108313E-007          90
 Scratching entire step...        5964
         time,dt,dt_new:    8.850867E+05   3.315056E+02   1.657528E+02
 EOS problem   1.0704279262902761E-007          90
 Scratching entire step...        5990
         time,dt,dt_new:    8.910557E+05   3.149789E+02   1.574894E+02
    6000   8.928201E+05   2.015998E+02   7.086179E-11   5.472641E+15
 EOS problem   1.0382349835069841E-007          90
 Scratching entire step...        6023
         time,dt,dt_new:    8.989859E+05   3.557451E+02   1.778726E+02
 EOS problem   1.0511291787667195E-007          96
 Scratching entire step...        6080
         time,dt,dt_new:    9.209400E+05   7.267237E+02   3.633618E+02
 EOS problem   1.0365800388920882E-007          96
 Scratching entire step...        6104
         time,dt,dt_new:    9.326944E+05   6.572220E+02   3.286110E+02
 EOS problem   1.0596599365087577E-007          96
 Scratching entire step...        6130
         time,dt,dt_new:    9.445282E+05   6.244571E+02   3.122285E+02
 EOS problem   2.9858656108937524E-006          91
 Scratching entire step...        6151
         time,dt,dt_new:    9.530156E+05   5.244134E+02   2.622067E+02
 EOS problem   2.8973043651461321E-007          89
 Scratching entire step...        6151
         time,dt,dt_new:    9.530156E+05   2.622067E+02   1.311033E+02
 EOS problem   7.5845305183957839E-007          97
 Scratching entire step...        6152
         time,dt,dt_new:    9.531467E+05   1.343809E+02   6.719047E+01
 EOS problem   1.0250236306599336E-007          90
 Scratching entire step...        6220
         time,dt,dt_new:    9.648667E+05   3.601890E+02   1.800945E+02
 EOS problem   1.0040312959287246E-007          90
 Scratching entire step...        6246
         time,dt,dt_new:    9.713522E+05   3.422323E+02   1.711162E+02
 EOS problem   1.0075893182802910E-007          90
 Scratching entire step...        6275
         time,dt,dt_new:    9.785145E+05   3.501734E+02   1.750867E+02
 EOS problem   1.0319868380563052E-007          90
 Scratching entire step...        6309
         time,dt,dt_new:    9.877263E+05   4.053821E+02   2.026910E+02
 EOS problem   1.0449419684121176E-007          94
 Scratching entire step...        6370
         time,dt,dt_new:    1.016182E+06   9.140929E+02   4.570464E+02
 EOS problem   1.0569128404220310E-007          94
 Scratching entire step...        6392
         time,dt,dt_new:    1.029374E+06   7.868381E+02   3.934190E+02
 EOS problem   4.9194501539811648E-006          91
 Scratching entire step...        6412
         time,dt,dt_new:    1.039424E+06   6.446629E+02   3.223315E+02
 EOS problem   6.1437813205175866E-007          90
 Scratching entire step...        6412
         time,dt,dt_new:    1.039424E+06   3.223315E+02   1.611657E+02
 EOS problem   4.2306382964282532E-007          97
 Scratching entire step...        6416
         time,dt,dt_new:    1.040093E+06   1.778968E+02   8.894840E+01
 EOS problem   1.0844096160744288E-007          90
 Scratching entire step...        6476
         time,dt,dt_new:    1.052189E+06   3.913543E+02   1.956771E+02
 EOS problem   1.1027101256104721E-007          90
 Scratching entire step...        6503
         time,dt,dt_new:    1.059608E+06   3.811399E+02   1.905700E+02
 EOS problem   1.0406351588387827E-007          90
 Scratching entire step...        6532
         time,dt,dt_new:    1.067584E+06   3.899838E+02   1.949919E+02
 EOS problem   1.0316866229933696E-007          90
 Scratching entire step...        6570
         time,dt,dt_new:    1.079718E+06   4.983373E+02   2.491687E+02
 EOS problem   1.0960451894297972E-007          94
 Scratching entire step...        6625
         time,dt,dt_new:    1.108510E+06   9.689604E+02   4.844802E+02
 EOS problem   1.0344134499787098E-007          92
 Scratching entire step...        6643
         time,dt,dt_new:    1.119356E+06   7.556238E+02   3.778119E+02
 EOS problem   2.0963923006337360E-006          91
 Scratching entire step...        6658
         time,dt,dt_new:    1.126130E+06   5.471843E+02   2.735921E+02
 EOS problem   1.6651436738578543E-007          90
 Scratching entire step...        6658
         time,dt,dt_new:    1.126130E+06   2.735921E+02   1.367961E+02
 EOS problem   1.2033736012468908E-007          97
 Scratching entire step...        6658
         time,dt,dt_new:    1.126130E+06   1.367961E+02   6.839803E+01
 EOS problem   1.1007047374405279E-007          90
 Scratching entire step...        6734
         time,dt,dt_new:    1.141264E+06   4.467426E+02   2.233713E+02
 EOS problem   1.1078142505290807E-007          90
 Scratching entire step...        6759
         time,dt,dt_new:    1.148894E+06   4.141179E+02   2.070590E+02
 EOS problem   1.0450835627646031E-007          90
 Scratching entire step...        6787
         time,dt,dt_new:    1.157147E+06   4.133922E+02   2.066961E+02
 EOS problem   1.0216138060345028E-007          90
 Scratching entire step...        6824
         time,dt,dt_new:    1.169494E+06   5.153654E+02   2.576827E+02
 EOS problem   1.1593211359167600E-007          92
 Scratching entire step...        6879
         time,dt,dt_new:    1.199270E+06   1.002070E+03   5.010348E+02
 EOS problem   1.0568445872350650E-007          92
 Scratching entire step...        6896
         time,dt,dt_new:    1.209724E+06   7.623837E+02   3.811918E+02
 EOS problem   8.8830654622048327E-007          90
 Scratching entire step...        6903
         time,dt,dt_new:    1.212601E+06   4.531173E+02   2.265587E+02
 EOS problem   2.6565309391004407E-006          97
 Scratching entire step...        6904
         time,dt,dt_new:    1.212827E+06   2.322226E+02   1.161113E+02
 EOS problem   1.2530289728760720E-007          97
 Scratching entire step...        6905
         time,dt,dt_new:    1.212943E+06   1.190141E+02   5.950705E+01
 EOS problem   1.1101328993384867E-007          90
 Scratching entire step...        6991
         time,dt,dt_new:    1.230464E+06   4.975318E+02   2.487659E+02
    7000   1.232941E+06   3.106745E+02   2.484333E-11   7.677505E+15
 EOS problem   1.0433761820672155E-007          90
 Scratching entire step...        7017
         time,dt,dt_new:    1.239423E+06   4.727280E+02   2.363640E+02
 EOS problem   1.0121654333568924E-007          90
 Scratching entire step...        7052
         time,dt,dt_new:    1.252406E+06   5.609403E+02   2.804701E+02
 EOS problem   1.0365215403262899E-007          92
 Scratching entire step...        7106
         time,dt,dt_new:    1.283750E+06   1.064083E+03   5.320413E+02
 EOS problem   1.0835214705380988E-007          92
 Scratching entire step...        7124
         time,dt,dt_new:    1.295661E+06   8.298029E+02   4.149014E+02
 EOS problem   7.2759169327634701E-007          91
 Scratching entire step...        7132
         time,dt,dt_new:    1.299285E+06   5.055171E+02   2.527586E+02
 EOS problem   2.8678342835934913E-006          97
 Scratching entire step...        7133
         time,dt,dt_new:    1.299538E+06   2.590775E+02   1.295388E+02
 EOS problem   1.1898191728412732E-007          97
 Scratching entire step...        7134
         time,dt,dt_new:    1.299668E+06   1.327772E+02   6.638862E+01
 EOS problem   1.0518489434062755E-007          91
 Scratching entire step...        7217
         time,dt,dt_new:    1.317630E+06   5.154356E+02   2.577178E+02
 EOS problem   1.0385986666693873E-007          90
 Scratching entire step...        7245
         time,dt,dt_new:    1.327902E+06   5.145323E+02   2.572662E+02
 EOS problem   1.0350175851651810E-007          90
 Scratching entire step...        7280
         time,dt,dt_new:    1.342033E+06   6.105454E+02   3.052727E+02
 EOS problem   1.0332275967845115E-007          92
 Scratching entire step...        7333
         time,dt,dt_new:    1.375020E+06   1.129933E+03   5.649667E+02
 EOS problem   1.7627477310952924E-006          97
 Scratching entire step...        7349
         time,dt,dt_new:    1.385969E+06   8.386962E+02   4.193481E+02
 EOS problem   5.8793262414036997E-007          97
 Scratching entire step...        7349
         time,dt,dt_new:    1.385969E+06   4.193481E+02   2.096741E+02
 EOS problem   4.6417218125353541E-007          97
 Scratching entire step...        7350
         time,dt,dt_new:    1.386179E+06   2.149159E+02   1.074580E+02
 EOS problem   1.0577069890528177E-007          91
 Scratching entire step...        7420
         time,dt,dt_new:    1.406089E+06   6.052143E+02   3.026071E+02
 EOS problem   1.0340146238108901E-007          90
 Scratching entire step...        7453
         time,dt,dt_new:    1.421326E+06   6.835444E+02   3.417722E+02
 EOS problem   1.0375535145001224E-007          91
 Scratching entire step...        7496
         time,dt,dt_new:    1.447185E+06   9.882411E+02   4.941206E+02
 EOS problem   1.0743328548134214E-007          92
 Scratching entire step...        7525
         time,dt,dt_new:    1.467867E+06   1.011172E+03   5.055860E+02
 EOS problem   6.2065715249566479E-006          97
 Scratching entire step...        7534
         time,dt,dt_new:    1.472900E+06   6.314076E+02   3.157038E+02
 EOS problem   1.7736210906598849E-006          97
 Scratching entire step...        7534
         time,dt,dt_new:    1.472900E+06   3.157038E+02   1.578519E+02
 EOS problem   1.7887943266768021E-007          97
 Scratching entire step...        7534
         time,dt,dt_new:    1.472900E+06   1.578519E+02   7.892595E+01
 EOS problem   1.0410874225710262E-007          91
 Scratching entire step...        7630
         time,dt,dt_new:    1.503532E+06   8.447164E+02   4.223582E+02
 EOS problem   1.1281354815284472E-007          92
 Scratching entire step...        7664
         time,dt,dt_new:    1.525753E+06   9.778953E+02   4.889476E+02
 EOS problem   1.0365260797997916E-007          92
 Scratching entire step...        7698
         time,dt,dt_new:    1.551478E+06   1.132071E+03   5.660356E+02
 EOS problem   9.0046830243742393E-006          97
 Scratching entire step...        7711
         time,dt,dt_new:    1.560048E+06   7.802864E+02   3.901432E+02
 EOS problem   2.1873103818115271E-006          97
 Scratching entire step...        7711
         time,dt,dt_new:    1.560048E+06   3.901432E+02   1.950716E+02
 EOS problem   1.4962887464014900E-007          97
 Scratching entire step...        7713
         time,dt,dt_new:    1.560443E+06   2.049471E+02   1.024735E+02
 EOS problem   1.2832251437584902E-007          93
 Scratching entire step...        7813
         time,dt,dt_new:    1.604768E+06   1.210593E+03   6.052967E+02
 EOS problem   1.0721248066690509E-007          91
 Scratching entire step...        7831
         time,dt,dt_new:    1.618318E+06   9.440563E+02   4.720281E+02
 EOS problem   1.0065473205872702E-007          92
 Scratching entire step...        7864
         time,dt,dt_new:    1.642087E+06   1.066241E+03   5.331206E+02
 EOS problem   4.8237504455900000E-006          97
 Scratching entire step...        7872
         time,dt,dt_new:    1.646744E+06   6.495557E+02   3.247778E+02
 EOS problem   5.3418345887110005E-007          97
 Scratching entire step...        7872
         time,dt,dt_new:    1.646744E+06   3.247778E+02   1.623889E+02
 EOS problem   1.0080606203733517E-007          93
 Scratching entire step...        7952
         time,dt,dt_new:    1.687079E+06   1.170754E+03   5.853770E+02
 EOS problem   1.1024812403303558E-007          91
 Scratching entire step...        7971
         time,dt,dt_new:    1.701096E+06   9.358130E+02   4.679065E+02
    8000   1.720681E+06   9.575273E+02   8.604167E-12   1.090133E+16
 EOS problem   1.0113437082440354E-007          92
 Scratching entire step...        8007
         time,dt,dt_new:    1.727908E+06   1.138199E+03   5.690995E+02
 EOS problem   5.1232953653995011E-006          97
 Scratching entire step...        8016
         time,dt,dt_new:    1.733573E+06   7.107273E+02   3.553637E+02
 EOS problem   5.6822132811035059E-007          97
 Scratching entire step...        8016
         time,dt,dt_new:    1.733573E+06   3.553637E+02   1.776818E+02
 EOS problem   1.2020833444003251E-007          93
 Scratching entire step...        8093
         time,dt,dt_new:    1.774048E+06   1.189544E+03   5.947722E+02
 EOS problem   1.0027749299322902E-007          91
 Scratching entire step...        8111
         time,dt,dt_new:    1.787362E+06   9.276416E+02   4.638208E+02
 EOS problem   1.0719781189867616E-007          92
 Scratching entire step...        8148
         time,dt,dt_new:    1.815068E+06   1.156467E+03   5.782335E+02
 EOS problem   5.6642497366012146E-006          97
 Scratching entire step...        8156
         time,dt,dt_new:    1.820120E+06   7.045214E+02   3.522607E+02
 EOS problem   1.1034536085904577E-006          97
 Scratching entire step...        8156
         time,dt,dt_new:    1.820120E+06   3.522607E+02   1.761304E+02
 EOS problem   1.1818619343000391E-007          93
 Scratching entire step...        8236
         time,dt,dt_new:    1.863868E+06   1.269824E+03   6.349119E+02
 EOS problem   1.0173985821096586E-007          91
 Scratching entire step...        8256
         time,dt,dt_new:    1.880086E+06   1.040377E+03   5.201885E+02
 EOS problem   1.0843764963643303E-007          91
 Scratching entire step...        8287
         time,dt,dt_new:    1.904015E+06   1.118409E+03   5.592044E+02
 EOS problem   3.8090646631020382E-006          97
 Scratching entire step...        8292
         time,dt,dt_new:    1.906954E+06   6.326884E+02   3.163442E+02
 EOS problem   7.8090334012375189E-007          97
 Scratching entire step...        8292
         time,dt,dt_new:    1.906954E+06   3.163442E+02   1.581721E+02
 EOS problem   1.0668238615796389E-007          93
 Scratching entire step...        8376
         time,dt,dt_new:    1.950977E+06   1.258736E+03   6.293679E+02
 EOS problem   1.0346133079231851E-007          90
 Scratching entire step...        8398
         time,dt,dt_new:    1.969142E+06   1.083502E+03   5.417509E+02
 EOS problem   6.1516854805591482E-006          97
 Scratching entire step...        8429
         time,dt,dt_new:    1.994063E+06   1.164768E+03   5.823841E+02
 EOS problem   1.9041131760449578E-006          97
 Scratching entire step...        8429
         time,dt,dt_new:    1.994063E+06   5.823841E+02   2.911920E+02
 EOS problem   4.4060033501057199E-007          97
 Scratching entire step...        8429
         time,dt,dt_new:    1.994063E+06   2.911920E+02   1.455960E+02
 EOS problem   1.1359392630609195E-007          92
 Scratching entire step...        8517
         time,dt,dt_new:    2.039397E+06   1.278938E+03   6.394692E+02
 EOS problem   1.0652022041989283E-007          92
 Scratching entire step...        8547
         time,dt,dt_new:    2.067471E+06   1.341330E+03   6.706650E+02
 EOS problem   3.0489322705076371E-006          97
 Scratching entire step...        8563
         time,dt,dt_new:    2.080469E+06   9.956059E+02   4.978030E+02
 EOS problem   8.6564102857223247E-007          97
 Scratching entire step...        8563
         time,dt,dt_new:    2.080469E+06   4.978030E+02   2.489015E+02
 EOS problem   1.0891688031014492E-007          97
 Scratching entire step...        8563
         time,dt,dt_new:    2.080469E+06   2.489015E+02   1.244507E+02
 EOS problem   1.0814639844540980E-007          92
 Scratching entire step...        8657
         time,dt,dt_new:    2.126201E+06   1.267771E+03   6.338855E+02
 EOS problem   1.0255652920682239E-007          92
 Scratching entire step...        8688
         time,dt,dt_new:    2.155360E+06   1.362858E+03   6.814291E+02
 EOS problem   1.6907535346612384E-006          97
 Scratching entire step...        8703
         time,dt,dt_new:    2.167580E+06   9.869125E+02   4.934562E+02
 EOS problem   4.9344380417598516E-007          97
 Scratching entire step...        8703
         time,dt,dt_new:    2.167580E+06   4.934562E+02   2.467281E+02
 EOS problem   1.0478803129165179E-007          91
 Scratching entire step...        8760
         time,dt,dt_new:    2.198032E+06   1.008043E+03   5.040214E+02
 EOS problem   1.2060673445934976E-007          92
 Scratching entire step...        8802
         time,dt,dt_new:    2.234745E+06   1.421842E+03   7.109210E+02
 EOS problem   8.3665457830596064E-007          97
 Scratching entire step...        8823
         time,dt,dt_new:    2.254070E+06   1.194050E+03   5.970250E+02
 EOS problem   2.9865116394709388E-007          97
 Scratching entire step...        8823
         time,dt,dt_new:    2.254070E+06   5.970250E+02   2.985125E+02
 EOS problem   2.2238781760996898E-007          97
 Scratching entire step...        8824
         time,dt,dt_new:    2.254369E+06   3.059753E+02   1.529877E+02
 EOS problem   1.0325964779033151E-007          91
 Scratching entire step...        8898
         time,dt,dt_new:    2.286293E+06   9.510918E+02   4.755459E+02
 EOS problem   1.0071661504918168E-007          92
 Scratching entire step...        8938
         time,dt,dt_new:    2.318346E+06   1.276871E+03   6.384355E+02
 EOS problem   4.1046410424145335E-007          91
 Scratching entire step...        8964
         time,dt,dt_new:    2.341337E+06   1.213214E+03   6.066072E+02
 EOS problem   1.4395549433728263E-006          97
 Scratching entire step...        8965
         time,dt,dt_new:    2.341944E+06   6.217724E+02   3.108862E+02
    9000   2.359020E+06   7.377967E+02   3.203867E-12   1.518766E+16
 EOS problem   1.0247992784897332E-007          91
 Scratching entire step...        9008
         time,dt,dt_new:    2.365466E+06   8.989336E+02   4.494668E+02
 EOS problem   1.0869044352754180E-007          92
 Scratching entire step...        9052
         time,dt,dt_new:    2.400772E+06   1.332133E+03   6.660667E+02
 EOS problem   1.9435644553172122E-007          90
 Scratching entire step...        9081
         time,dt,dt_new:    2.428651E+06   1.363044E+03   6.815219E+02
 EOS problem   2.0704584045918243E-006          97
 Scratching entire step...        9082
         time,dt,dt_new:    2.429333E+06   6.985600E+02   3.492800E+02
 EOS problem   1.0090304465185136E-007          97
 Scratching entire step...        9083
         time,dt,dt_new:    2.429682E+06   3.580120E+02   1.790060E+02
 EOS problem   1.0754644061907359E-007          91
 Scratching entire step...        9147
         time,dt,dt_new:    2.457296E+06   8.693506E+02   4.346753E+02
 EOS problem   1.0663793220691387E-007          92
 Scratching entire step...        9189
         time,dt,dt_new:    2.488958E+06   1.226217E+03   6.131084E+02
 EOS problem   1.3306028362107253E-007          90
 Scratching entire step...        9219
         time,dt,dt_new:    2.515875E+06   1.286036E+03   6.430182E+02
 EOS problem   1.8075451565965132E-006          97
 Scratching entire step...        9220
         time,dt,dt_new:    2.516518E+06   6.590937E+02   3.295468E+02
 EOS problem   1.0141222543159438E-007          91
 Scratching entire step...        9260
         time,dt,dt_new:    2.538730E+06   8.848543E+02   4.424271E+02
 EOS problem   1.0549826036650863E-007          92
 Scratching entire step...        9299
         time,dt,dt_new:    2.567392E+06   1.158971E+03   5.794854E+02
 EOS problem   2.7672133979066406E-007          91
 Scratching entire step...        9337
         time,dt,dt_new:    2.603452E+06   1.480981E+03   7.404903E+02
 EOS problem   1.1210002985792837E-006          97
 Scratching entire step...        9338
         time,dt,dt_new:    2.604192E+06   7.590026E+02   3.795013E+02
 EOS problem   1.0012162183188500E-007          92
 Scratching entire step...        9376
         time,dt,dt_new:    2.627807E+06   9.698848E+02   4.849424E+02
 EOS problem   1.0098670667529214E-007          92
 Scratching entire step...        9410
         time,dt,dt_new:    2.653322E+06   1.122798E+03   5.613989E+02
 EOS problem   1.2879853030816446E-007          90
 Scratching entire step...        9450
         time,dt,dt_new:    2.691161E+06   1.507392E+03   7.536960E+02
 EOS problem   1.4312940806731418E-006          97
 Scratching entire step...        9451
         time,dt,dt_new:    2.691915E+06   7.725384E+02   3.862692E+02
 EOS problem   1.0164814053582741E-007          92
 Scratching entire step...        9488
         time,dt,dt_new:    2.714988E+06   9.631038E+02   4.815519E+02
 EOS problem   1.0763915194389652E-007          92
 Scratching entire step...        9520
         time,dt,dt_new:    2.738175E+06   1.061223E+03   5.306117E+02
 EOS problem   1.5467088374569543E-007          97
 Scratching entire step...        9563
         time,dt,dt_new:    2.778322E+06   1.534274E+03   7.671371E+02
 EOS problem   9.8656197067589747E-007          97
 Scratching entire step...        9564
         time,dt,dt_new:    2.779089E+06   7.863156E+02   3.931578E+02
 EOS problem   1.0441388491085499E-007          92
 Scratching entire step...        9603
         time,dt,dt_new:    2.804559E+06   1.029906E+03   5.149531E+02
 EOS problem   1.0404005798595784E-007          92
 Scratching entire step...        9633
         time,dt,dt_new:    2.827167E+06   1.080149E+03   5.400744E+02
 EOS problem   2.2944710081905698E-007          92
 Scratching entire step...        9674
         time,dt,dt_new:    2.865019E+06   1.486388E+03   7.431938E+02
 EOS problem   6.1698585746069267E-007          97
 Scratching entire step...        9675
         time,dt,dt_new:    2.865762E+06   7.617737E+02   3.808868E+02
 EOS problem   1.0677584741115710E-007          92
 Scratching entire step...        9718
         time,dt,dt_new:    2.894581E+06   1.101342E+03   5.506710E+02
 EOS problem   1.0026103570722366E-007          92
 Scratching entire step...        9746
         time,dt,dt_new:    2.916530E+06   1.099412E+03   5.497059E+02
 EOS problem   7.0867445784903510E-007          92
 Scratching entire step...        9785
         time,dt,dt_new:    2.952142E+06   1.439996E+03   7.199978E+02
 EOS problem   1.2244504902543484E-007          92
 Scratching entire step...        9785
         time,dt,dt_new:    2.952142E+06   7.199978E+02   3.599989E+02
 EOS problem   1.4788906065079742E-007          97
 Scratching entire step...        9786
         time,dt,dt_new:    2.952502E+06   3.689989E+02   1.844994E+02
 EOS problem   1.0499083181696268E-007          92
 Scratching entire step...        9855
         time,dt,dt_new:    2.985673E+06   1.013775E+03   5.068877E+02
 EOS problem   1.0073689005086611E-007          92
 Scratching entire step...        9888
         time,dt,dt_new:    3.011197E+06   1.144984E+03   5.724919E+02
 EOS problem   7.8371590538761699E-007          92
 Scratching entire step...        9920
         time,dt,dt_new:    3.038762E+06   1.261633E+03   6.308165E+02
 EOS problem   1.0932368833381292E-007          91
 Scratching entire step...        9920
         time,dt,dt_new:    3.038762E+06   6.308165E+02   3.154082E+02
 EOS problem   1.0025417691195971E-007          92
 Scratching entire step...        9966
         time,dt,dt_new:    3.065431E+06   9.821342E+02   4.910671E+02
 EOS problem   1.0357250549550340E-007          92
 Scratching entire step...        9997
         time,dt,dt_new:    3.088021E+06   1.055798E+03   5.278988E+02
   10000   3.089644E+06   5.684893E+02   1.386471E-12   2.009361E+16
 EOS problem   5.4957406440400141E-007          92
 Scratching entire step...       10039
         time,dt,dt_new:    3.126473E+06   1.489200E+03   7.446000E+02
 EOS problem   5.7787720590014044E-007          97
 Scratching entire step...       10040
         time,dt,dt_new:    3.127217E+06   7.632150E+02   3.816075E+02
 EOS problem   1.0294071765260835E-007          92
 Scratching entire step...       10083
         time,dt,dt_new:    3.156090E+06   1.103426E+03   5.517129E+02
 EOS problem   4.2431159271360125E-007          92
 Scratching entire step...       10135
         time,dt,dt_new:    3.213713E+06   1.992297E+03   9.961485E+02
 EOS problem   1.1057601425807972E-007          97
 Scratching entire step...       10135
         time,dt,dt_new:    3.213713E+06   9.961485E+02   4.980743E+02
 EOS problem   2.4438324386015686E-007          97
 Scratching entire step...       10136
         time,dt,dt_new:    3.214211E+06   5.105261E+02   2.552631E+02
 EOS problem   1.0634549539617368E-007          92
 Scratching entire step...       10195
         time,dt,dt_new:    3.247829E+06   1.095711E+03   5.478555E+02
 EOS problem   6.1649910037992759E-007          97
 Scratching entire step...       10245
         time,dt,dt_new:    3.301237E+06   1.883039E+03   9.415195E+02
 EOS problem   2.0018096142005505E-007          97
 Scratching entire step...       10245
         time,dt,dt_new:    3.301237E+06   9.415195E+02   4.707597E+02
 EOS problem   1.0836115794931059E-007          92
 Scratching entire step...       10283
         time,dt,dt_new:    3.330531E+06   1.203112E+03   6.015562E+02
 EOS problem   1.0002418966947882E-006          97
 Scratching entire step...       10333
         time,dt,dt_new:    3.389173E+06   2.067614E+03   1.033807E+03
 EOS problem   3.1554502915567620E-007          97
 Scratching entire step...       10333
         time,dt,dt_new:    3.389173E+06   1.033807E+03   5.169035E+02
 EOS problem   1.0875861947280262E-007          92
 Scratching entire step...       10368
         time,dt,dt_new:    3.417566E+06   1.226718E+03   6.133591E+02
 EOS problem   1.5688304580565086E-006          97
 Scratching entire step...       10418
         time,dt,dt_new:    3.477359E+06   2.108182E+03   1.054091E+03
 EOS problem   4.6382902347328987E-007          97
 Scratching entire step...       10418
         time,dt,dt_new:    3.477359E+06   1.054091E+03   5.270454E+02
 EOS problem   1.0172666633635030E-007          92
 Scratching entire step...       10453
         time,dt,dt_new:    3.506308E+06   1.250787E+03   6.253935E+02
 EOS problem   2.6256423405541168E-006          97
 Scratching entire step...       10502
         time,dt,dt_new:    3.565177E+06   2.097117E+03   1.048559E+03
 EOS problem   6.9055479035833105E-007          97
 Scratching entire step...       10502
         time,dt,dt_new:    3.565177E+06   1.048559E+03   5.242794E+02
 EOS problem   1.0524468793743342E-007          93
 Scratching entire step...       10542
         time,dt,dt_new:    3.600515E+06   1.407724E+03   7.038618E+02
 EOS problem   2.4789867009153071E-006          97
 Scratching entire step...       10584
         time,dt,dt_new:    3.651784E+06   1.985591E+03   9.927954E+02
 EOS problem   5.8598210474585313E-007          97
 Scratching entire step...       10584
         time,dt,dt_new:    3.651784E+06   9.927954E+02   4.963977E+02
 EOS problem   1.1230372959410285E-007          94
 Scratching entire step...       10649
         time,dt,dt_new:    3.730770E+06   2.471047E+03   1.235523E+03
 EOS problem   1.3483372823211786E-006          97
 Scratching entire step...       10655
         time,dt,dt_new:    3.738662E+06   1.432828E+03   7.164142E+02
 EOS problem   1.9234757764620331E-007          97
 Scratching entire step...       10655
         time,dt,dt_new:    3.738662E+06   7.164142E+02   3.582071E+02
 EOS problem   1.1571213479984855E-007          94
 Scratching entire step...       10731
         time,dt,dt_new:    3.817919E+06   2.339634E+03   1.169817E+03
 EOS problem   9.5591799118300884E-007          97
 Scratching entire step...       10737
         time,dt,dt_new:    3.825392E+06   1.356629E+03   6.783146E+02
 EOS problem   1.2013817201091201E-007          97
 Scratching entire step...       10737
         time,dt,dt_new:    3.825392E+06   6.783146E+02   3.391573E+02
 EOS problem   1.0051262803345174E-007          94
 Scratching entire step...       10814
         time,dt,dt_new:    3.902649E+06   2.270590E+03   1.135295E+03
 EOS problem   6.7196253736757210E-007          97
 Scratching entire step...       10822
         time,dt,dt_new:    3.912567E+06   1.383247E+03   6.916235E+02
 EOS problem   1.0078556201915734E-007          93
 Scratching entire step...       10857
         time,dt,dt_new:    3.950557E+06   1.641364E+03   8.206822E+02
 EOS problem   8.4707419042005601E-007          97
 Scratching entire step...       10894
         time,dt,dt_new:    3.999580E+06   2.046247E+03   1.023123E+03
 EOS problem   2.1585896013772236E-007          97
 Scratching entire step...       10894
         time,dt,dt_new:    3.999580E+06   1.023123E+03   5.115617E+02
 EOS problem   1.0194628439998406E-007          93
 Scratching entire step...       10947
         time,dt,dt_new:    4.054857E+06   1.893490E+03   9.467448E+02
 EOS problem   4.0582757110693405E-007          97
 Scratching entire step...       10972
         time,dt,dt_new:    4.087195E+06   1.755212E+03   8.776060E+02
 EOS problem   1.0305617697141577E-007          93
 Scratching entire step...       10998
         time,dt,dt_new:    4.118799E+06   1.667708E+03   8.338541E+02
   11000   4.120488E+06   8.760680E+02   5.686782E-13   2.701952E+16
 EOS problem   1.0358308095410470E-007          94
 Scratching entire step...       11036
         time,dt,dt_new:    4.170688E+06   2.131066E+03   1.065533E+03
 EOS problem   1.0062963131210671E-007          97
 Scratching entire step...       11039
         time,dt,dt_new:    4.173965E+06   1.147463E+03   5.737313E+02
 EOS problem   1.0209253709103120E-007          94
 Scratching entire step...       11089
         time,dt,dt_new:    4.229895E+06   1.971977E+03   9.859885E+02
 EOS problem   4.0830594530537067E-007          94
 Scratching entire step...       11113
         time,dt,dt_new:    4.261791E+06   1.783383E+03   8.916915E+02
 EOS problem   1.0239629441073166E-007          94
 Scratching entire step...       11143
         time,dt,dt_new:    4.300938E+06   1.870383E+03   9.351916E+02
 EOS problem   6.3547405826186067E-007          94
 Scratching entire step...       11177
         time,dt,dt_new:    4.350141E+06   2.165270E+03   1.082635E+03
 EOS problem   1.0465143965723279E-007          94
 Scratching entire step...       11201
         time,dt,dt_new:    4.385164E+06   1.958190E+03   9.790949E+02
 EOS problem   7.4337686335729552E-007          94
 Scratching entire step...       11235
         time,dt,dt_new:    4.436677E+06   2.266920E+03   1.133460E+03
 EOS problem   1.0509229526212332E-007          94
 Scratching entire step...       11259
         time,dt,dt_new:    4.473343E+06   2.050119E+03   1.025059E+03
 EOS problem   6.9883185062140730E-007          94
 Scratching entire step...       11292
         time,dt,dt_new:    4.524959E+06   2.315456E+03   1.157728E+03
 EOS problem   1.0352039973713407E-007          94
 Scratching entire step...       11318
         time,dt,dt_new:    4.566651E+06   2.200022E+03   1.100011E+03
 EOS problem   6.8909813843457122E-007          94
 Scratching entire step...       11347
         time,dt,dt_new:    4.612693E+06   2.251071E+03   1.125535E+03
 EOS problem   1.0430985361173346E-007          94
 Scratching entire step...       11374
         time,dt,dt_new:    4.655364E+06   2.192318E+03   1.096159E+03
 EOS problem   5.9804621622492936E-007          94
 Scratching entire step...       11403
         time,dt,dt_new:    4.701246E+06   2.243188E+03   1.121594E+03
 EOS problem   1.0268854534457474E-007          94
 Scratching entire step...       11433
         time,dt,dt_new:    4.750487E+06   2.352619E+03   1.176309E+03
 EOS problem   4.5962521994961204E-007          94
 Scratching entire step...       11457
         time,dt,dt_new:    4.788539E+06   2.127621E+03   1.063811E+03
 EOS problem   1.0053006124066511E-007          94
 Scratching entire step...       11492
         time,dt,dt_new:    4.846972E+06   2.524641E+03   1.262321E+03
 EOS problem   3.3582844207909162E-007          94
 Scratching entire step...       11510
         time,dt,dt_new:    4.875231E+06   1.968789E+03   9.843946E+02
 EOS problem   9.3352880995062025E-007          94
 Scratching entire step...       11558
         time,dt,dt_new:    4.964673E+06   3.220437E+03   1.610218E+03
 EOS problem   2.2930578904208190E-007          94
 Scratching entire step...       11558
         time,dt,dt_new:    4.964673E+06   1.610218E+03   8.051092E+02
 Done! :-) tend reached after    11588 timesteps
 Ni evals:     58  (remap-forced resets:     57)
 Grid remaps:     57
