
 ***********************************
 * Supernova Explosion Code (SNEC) *
 ***********************************

 Smooth Ni luminosity:  0
 Solver: epstol_hydro= 2.00E-05  epstol_rad= 2.00E-05  itmax_hydro=  10  itmax_rad=  45
 Output mode:  0
 Removing output directory contents: Data
 Using the Paczynski EOS!
 Profile file: profiles/stripped_star.short
 We have         1482 profile zones.
 We have         1482 composition profile zones.
 Ni mixing (step): kernel=1, q_mix =  0.31000000000000000       mix_outer_mass =   2.5016567616319918       Msun
    X_Ni =  0.02723
  --- Ni mass diagnostics (after kernel + normalize) ---
    Total in profile:     2.99787E-02 Msun
    Above excision:       2.99787E-02 Msun
    Below excision:       0.00000E+00 Msun
  Boxcar smoothing (all species): nominal_mass= 0.4000 Msun, iterations=  4
  Boxcar smoothing (Ni only):    nominal_mass= 0.4000 Msun, iterations=  4
  --- Ni mass diagnostics (after boxcar smoothing) ---
    Total in profile:     2.99787E-02 Msun
    Above excision:       2.99787E-02 Msun
    Below excision (LOST): 0.00000E+00 Msun
  --- Ni mass diagnostics (on grid) ---
    Ni on grid:           2.99734E-02 Msun
    Expected (parameter): 3.00000E-02 Msun
    Ratio grid/expected:    99.91 %
    Ejecta mass on grid:  3.55380E+00 Msun
************************************************************
 Operating in Thermal Bomb Mode  1
 Bomb energy is spread over =            2 points
 Total energy of the model =   -8.7292962303936370E+050  ergs
 Total energy of the bomb =    1.8729296230393635E+051  ergs
************************************************************
 composing opacity tables from OPAL (may take a few minutes)...
 finished composing opacity tables
      nt           time          dtime       max(rho)       shockpos
       0   0.000000E+00   1.025000E-08   8.902049E+07   9.952352E+07
    1000   1.166748E+02   7.334564E-01   3.082908E+01   1.220068E+11
 finished tracing the shock position
 Time of breakout is   701.19349678966159     
    2000   3.845954E+03   5.543000E+00   8.073076E-03   1.966638E+13
    3000   7.887939E+04   4.275594E+02   2.493155E-07   4.677699E+14
 EOS problem   2.2025822905543319E-005          95
 Scratching entire step...        3236
         time,dt,dt_new:    4.429678E+05   4.642134E+03   2.321067E+03
 EOS problem   2.7400389616152700E-005          96
 Scratching entire step...        3291
         time,dt,dt_new:    7.110320E+05   8.913174E+03   4.456587E+03
 EOS problem   2.2348510686177184E-005          96
 Scratching entire step...        3308
         time,dt,dt_new:    8.040175E+05   6.781224E+03   3.390612E+03
 EOS problem   2.5572236653522105E-005          93
 Scratching entire step...        3330
         time,dt,dt_new:    9.018803E+05   5.837181E+03   2.918590E+03
 EOS problem   2.7827815774604260E-005          93
 Scratching entire step...        3378
         time,dt,dt_new:    1.167062E+06   9.548138E+03   4.774069E+03
 EOS problem   2.0942575175044183E-005          88
 Scratching entire step...        3428
         time,dt,dt_new:    1.632459E+06   1.640899E+04   8.204497E+03
 EOS problem   2.2378784368324213E-005          88
 Scratching entire step...        3463
         time,dt,dt_new:    2.083118E+06   1.947096E+04   9.735478E+03
 EOS problem   2.6946215335205378E-005          94
 Scratching entire step...        3507
         time,dt,dt_new:    2.847862E+06   2.885409E+04   1.442704E+04
 EOS problem   2.2194896752846437E-005          94
 Scratching entire step...        3535
         time,dt,dt_new:    3.422921E+06   2.880352E+04   1.440176E+04
 Done! :-) tend reached after     3589 timesteps
 Ni evals:     53  (remap-forced resets:     52)
 Grid remaps:     52
