
 ***********************************
 * Supernova Explosion Code (SNEC) *
 ***********************************

 Smooth Ni luminosity:  0
 Solver: epstol_hydro= 1.00E-07  epstol_rad= 1.00E-07  itmax_hydro=  15  itmax_rad=  60
 Output mode:  0
 Removing output directory contents: Data
 Using the Paczynski EOS!
 Profile file: profiles/stripped_star.short
 We have         1482 profile zones.
 We have         1482 composition profile zones.
 Ni mixing (step): kernel=1, q_mix =  0.31000000000000000       mix_outer_mass =   2.5016567616319918       Msun
    X_Ni =  0.02723
  --- Ni mass diagnostics (after kernel + normalize) ---
    Total in profile:     2.99787E-02 Msun
    Above excision:       2.99787E-02 Msun
    Below excision:       0.00000E+00 Msun
  Boxcar smoothing (all species): nominal_mass= 0.4000 Msun, iterations=  4
  Boxcar smoothing (Ni only):    nominal_mass= 0.4000 Msun, iterations=  4
  --- Ni mass diagnostics (after boxcar smoothing) ---
    Total in profile:     2.99787E-02 Msun
    Above excision:       2.99787E-02 Msun
    Below excision (LOST): 0.00000E+00 Msun
  --- Ni mass diagnostics (on grid) ---
    Ni on grid:           2.99734E-02 Msun
    Expected (parameter): 3.00000E-02 Msun
    Ratio grid/expected:    99.91 %
    Ejecta mass on grid:  3.55380E+00 Msun
************************************************************
 Operating in Thermal Bomb Mode  1
 Bomb energy is spread over =            2 points
 Total energy of the model =   -8.7292962303936370E+050  ergs
 Total energy of the bomb =    1.8729296230393635E+051  ergs
************************************************************
 composing opacity tables from OPAL (may take a few minutes)...
 finished composing opacity tables
      nt           time          dtime       max(rho)       shockpos
       0   0.000000E+00   1.025000E-08   8.902049E+07   9.952352E+07
    1000   1.167069E+02   7.337816E-01   3.082462E+01   1.220100E+11
 finished tracing the shock position
 Time of breakout is   701.30175370184827     
    2000   3.846781E+03   5.541882E+00   8.080080E-03   1.966546E+13
    3000   7.950363E+04   4.327032E+02   2.427741E-07   4.712863E+14
 EOS problem   1.3132146383581119E-007          94
 Scratching entire step...        3125
         time,dt,dt_new:    1.751162E+05   1.268811E+03   6.344056E+02
 EOS problem   1.0168911712564272E-007          94
 Scratching entire step...        3157
         time,dt,dt_new:    2.056630E+05   1.398076E+03   6.990379E+02
 EOS problem   1.0186177353682846E-007          95
 Scratching entire step...        3194
         time,dt,dt_new:    2.474193E+05   1.742945E+03   8.714726E+02
 EOS problem   2.7440594698886305E-007          95
 Scratching entire step...        3207
         time,dt,dt_new:    2.606138E+05   1.201335E+03   6.006673E+02
 EOS problem   1.0158544392135515E-007          95
 Scratching entire step...        3263
         time,dt,dt_new:    3.323573E+05   2.394255E+03   1.197128E+03
 EOS problem   6.3347472820743431E-007          95
 Scratching entire step...        3274
         time,dt,dt_new:    3.473016E+05   1.570735E+03   7.853676E+02
 EOS problem   2.1287858411338220E-007          95
 Scratching entire step...        3275
         time,dt,dt_new:    3.480870E+05   8.050018E+02   4.025009E+02
 EOS problem   1.0063803365206245E-007          95
 Scratching entire step...        3342
         time,dt,dt_new:    4.161896E+05   2.105067E+03   1.052533E+03
 EOS problem   6.2232772200491156E-007          90
 Scratching entire step...        3357
         time,dt,dt_new:    4.350636E+05   1.524382E+03   7.621910E+02
 EOS problem   1.0405989377059615E-007          90
 Scratching entire step...        3367
         time,dt,dt_new:    4.436027E+05   9.756689E+02   4.878345E+02
 EOS problem   1.0397854568748207E-007          95
 Scratching entire step...        3420
         time,dt,dt_new:    4.963159E+05   1.805666E+03   9.028328E+02
 EOS problem   8.1302193246887459E-007          90
 Scratching entire step...        3442
         time,dt,dt_new:    5.223743E+05   1.554291E+03   7.771456E+02
 EOS problem   2.9290773619722139E-007          96
 Scratching entire step...        3443
         time,dt,dt_new:    5.231514E+05   7.965742E+02   3.982871E+02
 EOS problem   1.0458292120584263E-007          91
 Scratching entire step...        3510
         time,dt,dt_new:    5.905411E+05   2.083029E+03   1.041514E+03
 EOS problem   7.8085954732326591E-007          90
 Scratching entire step...        3525
         time,dt,dt_new:    6.092174E+05   1.508423E+03   7.542116E+02
 EOS problem   3.8936375843007358E-007          96
 Scratching entire step...        3526
         time,dt,dt_new:    6.099717E+05   7.730669E+02   3.865335E+02
 EOS problem   1.0775655650325142E-007          91
 Scratching entire step...        3596
         time,dt,dt_new:    6.815902E+05   2.176996E+03   1.088498E+03
 EOS problem   2.0781108917692697E-006          96
 Scratching entire step...        3608
         time,dt,dt_new:    6.966066E+05   1.463909E+03   7.319545E+02
 EOS problem   5.0253772726346082E-007          96
 Scratching entire step...        3608
         time,dt,dt_new:    6.966066E+05   7.319545E+02   3.659772E+02
 EOS problem   1.0046809583707638E-007          90
 Scratching entire step...        3683
         time,dt,dt_new:    7.752508E+05   2.332083E+03   1.166041E+03
 EOS problem   6.3619156763773444E-006          97
 Scratching entire step...        3691
         time,dt,dt_new:    7.854375E+05   1.420708E+03   7.103541E+02
 EOS problem   3.9384388249111593E-007          97
 Scratching entire step...        3692
         time,dt,dt_new:    7.861478E+05   7.281130E+02   3.640565E+02
 EOS problem   9.4258937508414773E-007          91
 Scratching entire step...        3770
         time,dt,dt_new:    8.715143E+05   2.498218E+03   1.249109E+03
 EOS problem   1.4504171100645216E-007          89
 Scratching entire step...        3770
         time,dt,dt_new:    8.715143E+05   1.249109E+03   6.245544E+02
 EOS problem   1.0734407762359963E-007          89
 Scratching entire step...        3793
         time,dt,dt_new:    8.906159E+05   1.102095E+03   5.510477E+02
 EOS problem   1.4374666430602289E-006          91
 Scratching entire step...        3850
         time,dt,dt_new:    9.586294E+05   2.251384E+03   1.125692E+03
 EOS problem   2.1978018809919512E-007          89
 Scratching entire step...        3850
         time,dt,dt_new:    9.586294E+05   1.125692E+03   5.628459E+02
 EOS problem   1.0183742174941217E-007          89
 Scratching entire step...        3881
         time,dt,dt_new:    9.845204E+05   1.210123E+03   6.050613E+02
 EOS problem   1.2893507738824251E-006          90
 Scratching entire step...        3932
         time,dt,dt_new:    1.045584E+06   2.131653E+03   1.065826E+03
 EOS problem   1.6885157739892730E-007          89
 Scratching entire step...        3932
         time,dt,dt_new:    1.045584E+06   1.065826E+03   5.329132E+02
 EOS problem   1.0771914917598709E-007          92
 Scratching entire step...        3995
         time,dt,dt_new:    1.125267E+06   2.524992E+03   1.262496E+03
    4000   1.131903E+06   1.428398E+03   3.261279E-11   6.996701E+15
 EOS problem   2.8396875051176252E-007          90
 Scratching entire step...        4001
         time,dt,dt_new:    1.133332E+06   1.464108E+03   7.320542E+02
 EOS problem   1.0794387639763578E-007          90
 Scratching entire step...        4027
         time,dt,dt_new:    1.159694E+06   1.391117E+03   6.955586E+02
 EOS problem   7.3024037496683542E-007          90
 Scratching entire step...        4074
         time,dt,dt_new:    1.220672E+06   2.220012E+03   1.110006E+03
 EOS problem   1.0979993986693080E-007          90
 Scratching entire step...        4089
         time,dt,dt_new:    1.240577E+06   1.607620E+03   8.038100E+02
 EOS problem   5.5742690312584752E-007          91
 Scratching entire step...        4135
         time,dt,dt_new:    1.308542E+06   2.502944E+03   1.251472E+03
 EOS problem   1.1017598899888015E-007          90
 Scratching entire step...        4148
         time,dt,dt_new:    1.327490E+06   1.725168E+03   8.625841E+02
 EOS problem   1.9474750078834998E-007          91
 Scratching entire step...        4192
         time,dt,dt_new:    1.395248E+06   2.556534E+03   1.278267E+03
 EOS problem   1.2365329361566551E-007          92
 Scratching entire step...        4231
         time,dt,dt_new:    1.478058E+06   3.348515E+03   1.674258E+03
 EOS problem   1.1149606581827090E-007          91
 Scratching entire step...        4257
         time,dt,dt_new:    1.538351E+06   3.181580E+03   1.590790E+03
 EOS problem   1.0387589562339564E-007          97
 Scratching entire step...        4274
         time,dt,dt_new:    1.571542E+06   2.420575E+03   1.210287E+03
 EOS problem   1.0109300793572177E-007          91
 Scratching entire step...        4315
         time,dt,dt_new:    1.656369E+06   3.330941E+03   1.665471E+03
 EOS problem   1.7379254074397048E-007          97
 Scratching entire step...        4316
         time,dt,dt_new:    1.658034E+06   1.707107E+03   8.535537E+02
 EOS problem   1.5559500463388298E-007          97
 Scratching entire step...        4368
         time,dt,dt_new:    1.747183E+06   3.082278E+03   1.541139E+03
 EOS problem   1.1026796350832786E-007          91
 Scratching entire step...        4403
         time,dt,dt_new:    1.831835E+06   3.657440E+03   1.828720E+03
 EOS problem   1.1590759302327084E-007          91
 Scratching entire step...        4433
         time,dt,dt_new:    1.912121E+06   3.835863E+03   1.917932E+03
 EOS problem   1.0371996541187992E-007          90
 Scratching entire step...        4458
         time,dt,dt_new:    1.977633E+06   3.555738E+03   1.777869E+03
 EOS problem   1.0810503445604808E-007          91
 Scratching entire step...        4489
         time,dt,dt_new:    2.059416E+06   3.822431E+03   1.911215E+03
 EOS problem   1.1219927319737375E-007          91
 Scratching entire step...        4514
         time,dt,dt_new:    2.124698E+06   3.543286E+03   1.771643E+03
 EOS problem   1.2632749324964086E-007          91
 Scratching entire step...        4538
         time,dt,dt_new:    2.182009E+06   3.204417E+03   1.602208E+03
 EOS problem   1.9986875128267382E-007          91
 Scratching entire step...        4573
         time,dt,dt_new:    2.270016E+06   3.802369E+03   1.901185E+03
 EOS problem   2.2937081239264742E-007          91
 Scratching entire step...        4604
         time,dt,dt_new:    2.357471E+06   4.087560E+03   2.043780E+03
 EOS problem   2.5940177322836594E-007          91
 Scratching entire step...        4634
         time,dt,dt_new:    2.447198E+06   4.286967E+03   2.143483E+03
 EOS problem   1.6675350179416766E-007          92
 Scratching entire step...        4663
         time,dt,dt_new:    2.536916E+06   4.386440E+03   2.193220E+03
 EOS problem   1.4616244419155526E-007          92
 Scratching entire step...        4692
         time,dt,dt_new:    2.628717E+06   4.488222E+03   2.244111E+03
 EOS problem   1.1131823264190653E-007          91
 Scratching entire step...        4719
         time,dt,dt_new:    2.713795E+06   4.371079E+03   2.185540E+03
 EOS problem   1.0916625609342530E-007          92
 Scratching entire step...        4748
         time,dt,dt_new:    2.805274E+06   4.472504E+03   2.236252E+03
 EOS problem   1.3194101121098618E-007          92
 Scratching entire step...        4776
         time,dt,dt_new:    2.894410E+06   4.464666E+03   2.232333E+03
 EOS problem   1.0003679428127815E-007          92
 Scratching entire step...        4804
         time,dt,dt_new:    2.983391E+06   4.456842E+03   2.228421E+03
 EOS problem   1.0040955326990337E-007          91
 Scratching entire step...        4831
         time,dt,dt_new:    3.067875E+06   4.340519E+03   2.170259E+03
 EOS problem   1.3115309155715974E-007          92
 Scratching entire step...        4861
         time,dt,dt_new:    3.163155E+06   4.552266E+03   2.276133E+03
 EOS problem   1.1465586090922270E-007          92
 Scratching entire step...        4889
         time,dt,dt_new:    3.253881E+06   4.544288E+03   2.272144E+03
 EOS problem   1.1369525353869913E-007          92
 Scratching entire step...        4918
         time,dt,dt_new:    3.348985E+06   4.649732E+03   2.324866E+03
 EOS problem   1.0477385071314283E-007          92
 Scratching entire step...        4944
         time,dt,dt_new:    3.432707E+06   4.417926E+03   2.208963E+03
 EOS problem   1.0034301509005791E-007          92
 Scratching entire step...        4973
         time,dt,dt_new:    3.525166E+06   4.520438E+03   2.260219E+03
    5000   3.610856E+06   4.402455E+03   8.508120E-13   2.361140E+16
 EOS problem   1.1352646772008165E-007          92
 Scratching entire step...        5002
         time,dt,dt_new:    3.619770E+06   4.625329E+03   2.312664E+03
 EOS problem   1.0864324506664235E-007          93
 Scratching entire step...        5041
         time,dt,dt_new:    3.769592E+06   6.058197E+03   3.029098E+03
 EOS problem   1.0408422539530230E-007          93
 Scratching entire step...        5066
         time,dt,dt_new:    3.873059E+06   5.615779E+03   2.807890E+03
 EOS problem   1.9965681800261273E-007          93
 Scratching entire step...        5103
         time,dt,dt_new:    4.040785E+06   7.001048E+03   3.500524E+03
 EOS problem   1.1634300199611727E-007          93
 Scratching entire step...        5124
         time,dt,dt_new:    4.135941E+06   5.879416E+03   2.939708E+03
 EOS problem   2.1634456004249285E-007          93
 Scratching entire step...        5161
         time,dt,dt_new:    4.311541E+06   7.329718E+03   3.664859E+03
 EOS problem   2.1726219858997759E-007          93
 Scratching entire step...        5193
         time,dt,dt_new:    4.488005E+06   8.076458E+03   4.038229E+03
 EOS problem   2.5675898684529569E-007          93
 Scratching entire step...        5224
         time,dt,dt_new:    4.673765E+06   8.682220E+03   4.341110E+03
 EOS problem   2.4401656247262083E-007          94
 Scratching entire step...        5253
         time,dt,dt_new:    4.855468E+06   8.883679E+03   4.441840E+03
 Done! :-) tend reached after     5278 timesteps
 Ni evals:     57  (remap-forced resets:     56)
 Grid remaps:     56
