
 ***********************************
 * Supernova Explosion Code (SNEC) *
 ***********************************

 Smooth Ni luminosity:  0
 Solver: epstol_hydro= 5.00E-06  epstol_rad= 5.00E-06  itmax_hydro=  20  itmax_rad=  90
 Output mode:  0
 Removing output directory contents: Data
 Using the Paczynski EOS!
 Profile file: profiles/stripped_star.short
 We have         1482 profile zones.
 We have         1482 composition profile zones.
 Ni mixing (step): kernel=1, q_mix =  0.31000000000000000       mix_outer_mass =   2.5016567616319918       Msun
    X_Ni =  0.02723
  --- Ni mass diagnostics (after kernel + normalize) ---
    Total in profile:     2.99787E-02 Msun
    Above excision:       2.99787E-02 Msun
    Below excision:       0.00000E+00 Msun
  Boxcar smoothing (all species): nominal_mass= 0.4000 Msun, iterations=  4
  Boxcar smoothing (Ni only):    nominal_mass= 0.4000 Msun, iterations=  4
  --- Ni mass diagnostics (after boxcar smoothing) ---
    Total in profile:     2.99787E-02 Msun
    Above excision:       2.99787E-02 Msun
    Below excision (LOST): 0.00000E+00 Msun
  --- Ni mass diagnostics (on grid) ---
    Ni on grid:           2.99734E-02 Msun
    Expected (parameter): 3.00000E-02 Msun
    Ratio grid/expected:    99.91 %
    Ejecta mass on grid:  3.55380E+00 Msun
************************************************************
 Operating in Thermal Bomb Mode  1
 Bomb energy is spread over =            2 points
 Total energy of the model =   -8.7292962303936370E+050  ergs
 Total energy of the bomb =    1.8729296230393635E+051  ergs
************************************************************
 composing opacity tables from OPAL (may take a few minutes)...
 finished composing opacity tables
      nt           time          dtime       max(rho)       shockpos
       0   0.000000E+00   1.025000E-08   8.902049E+07   9.952352E+07
    1000   1.167011E+02   7.337048E-01   3.082472E+01   1.220089E+11
 finished tracing the shock position
 Time of breakout is   701.27238279505195     
    2000   3.845759E+03   5.542408E+00   8.081713E-03   1.966022E+13
    3000   7.945993E+04   4.323559E+02   2.431792E-07   4.710445E+14
 EOS problem   5.7836086013307259E-006          91
 Scratching entire step...        3250
         time,dt,dt_new:    5.320675E+05   6.064046E+03   3.032023E+03
 EOS problem   8.6670475461797722E-006          93
 Scratching entire step...        3297
         time,dt,dt_new:    7.978785E+05   9.677300E+03   4.838650E+03
 EOS problem   6.8658764106344171E-006          92
 Scratching entire step...        3313
         time,dt,dt_new:    8.916526E+05   7.183003E+03   3.591501E+03
 EOS problem   6.2259508482933069E-006          92
 Scratching entire step...        3346
         time,dt,dt_new:    1.072499E+06   8.112666E+03   4.056333E+03
 EOS problem   6.3530484549743138E-006          93
 Scratching entire step...        3424
         time,dt,dt_new:    2.023656E+06   2.783525E+04   1.391762E+04
 EOS problem   6.5680560170118236E-006          93
 Scratching entire step...        3454
         time,dt,dt_new:    2.634677E+06   2.919316E+04   1.459658E+04
 EOS problem   5.1284509115780852E-006          93
 Scratching entire step...        3478
         time,dt,dt_new:    3.106862E+06   2.640121E+04   1.320061E+04
 Done! :-) tend reached after     3541 timesteps
 Ni evals:     53  (remap-forced resets:     52)
 Grid remaps:     52
