
 ***********************************
 * Supernova Explosion Code (SNEC) *
 ***********************************

 Smooth Ni luminosity:  0
 Solver: epstol_hydro= 1.00E-04  epstol_rad= 1.00E-04  itmax_hydro=   6  itmax_rad=  20
 Output mode:  0
 Removing output directory contents: Data
 Using the Paczynski EOS!
 Profile file: profiles/stripped_star.short
 We have         1482 profile zones.
 We have         1482 composition profile zones.
 Ni mixing (step): kernel=1, q_mix =  0.31000000000000000       mix_outer_mass =   2.5016567616319918       Msun
    X_Ni =  0.02723
  --- Ni mass diagnostics (after kernel + normalize) ---
    Total in profile:     2.99787E-02 Msun
    Above excision:       2.99787E-02 Msun
    Below excision:       0.00000E+00 Msun
  Boxcar smoothing (all species): nominal_mass= 0.4000 Msun, iterations=  4
  Boxcar smoothing (Ni only):    nominal_mass= 0.4000 Msun, iterations=  4
  --- Ni mass diagnostics (after boxcar smoothing) ---
    Total in profile:     2.99787E-02 Msun
    Above excision:       2.99787E-02 Msun
    Below excision (LOST): 0.00000E+00 Msun
  --- Ni mass diagnostics (on grid) ---
    Ni on grid:           2.99734E-02 Msun
    Expected (parameter): 3.00000E-02 Msun
    Ratio grid/expected:    99.91 %
    Ejecta mass on grid:  3.55380E+00 Msun
************************************************************
 Operating in Thermal Bomb Mode  1
 Bomb energy is spread over =            2 points
 Total energy of the model =   -8.7292962303936370E+050  ergs
 Total energy of the bomb =    1.8729296230393635E+051  ergs
************************************************************
 composing opacity tables from OPAL (may take a few minutes)...
 finished composing opacity tables
      nt           time          dtime       max(rho)       shockpos
       0   0.000000E+00   1.025000E-08   8.902049E+07   9.952352E+07
    1000   1.165193E+02   7.322175E-01   3.077987E+01   1.220024E+11
 finished tracing the shock position
 Time of breakout is   701.14734668948097     
    2000   3.809475E+03   5.552512E+00   8.145458E-03   1.949687E+13
    3000   7.657794E+04   4.092812E+02   2.740186E-07   4.554555E+14
 EOS problem   1.2399456631173415E-004          96
 Scratching entire step...        3281
         time,dt,dt_new:    7.058690E+05   8.842444E+03   4.421222E+03
 EOS problem   1.3271772751092924E-004          96
 Scratching entire step...        3298
         time,dt,dt_new:    7.981166E+05   6.727412E+03   3.363706E+03
 EOS problem   1.2072102002414773E-004          94
 Scratching entire step...        3322
         time,dt,dt_new:    9.069292E+05   6.084023E+03   3.042011E+03
 EOS problem   1.0121481352792341E-004          86
 Scratching entire step...        3384
         time,dt,dt_new:    1.347720E+06   1.406179E+04   7.030893E+03
 EOS problem   1.0028231430776230E-004          90
 Scratching entire step...        3408
         time,dt,dt_new:    1.575163E+06   1.271696E+04   6.358479E+03
 EOS problem   1.3635617247047683E-004          89
 Scratching entire step...        3441
         time,dt,dt_new:    1.895338E+06   1.436286E+04   7.181428E+03
 EOS problem   1.0864000094629605E-004          91
 Scratching entire step...        3474
         time,dt,dt_new:    2.256952E+06   1.622178E+04   8.110888E+03
 EOS problem   1.0008711415264881E-004          95
 Scratching entire step...        3544
         time,dt,dt_new:    3.748414E+06   4.109441E+04   2.054721E+04
 Done! :-) tend reached after     3582 timesteps
 Ni evals:     53  (remap-forced resets:     52)
 Grid remaps:     52
