
 ***********************************
 * Supernova Explosion Code (SNEC) *
 ***********************************

 Smooth Ni luminosity:  0
 Solver: epstol_hydro= 1.00E-07  epstol_rad= 1.00E-07  itmax_hydro=   8  itmax_rad=  30
 Output mode:  0
 Removing output directory contents: Data
 Using the Paczynski EOS!
 Profile file: profiles/stripped_star.short
 We have         1482 profile zones.
 We have         1482 composition profile zones.
 Ni mixing (step): kernel=1, q_mix =  0.31000000000000000       mix_outer_mass =   2.5016567616319918       Msun
    X_Ni =  0.02723
  --- Ni mass diagnostics (after kernel + normalize) ---
    Total in profile:     2.99787E-02 Msun
    Above excision:       2.99787E-02 Msun
    Below excision:       0.00000E+00 Msun
  Boxcar smoothing (all species): nominal_mass= 0.4000 Msun, iterations=  4
  Boxcar smoothing (Ni only):    nominal_mass= 0.4000 Msun, iterations=  4
  --- Ni mass diagnostics (after boxcar smoothing) ---
    Total in profile:     2.99787E-02 Msun
    Above excision:       2.99787E-02 Msun
    Below excision (LOST): 0.00000E+00 Msun
  --- Ni mass diagnostics (on grid) ---
    Ni on grid:           2.99734E-02 Msun
    Expected (parameter): 3.00000E-02 Msun
    Ratio grid/expected:    99.91 %
    Ejecta mass on grid:  3.55380E+00 Msun
************************************************************
 Operating in Thermal Bomb Mode  1
 Bomb energy is spread over =            2 points
 Total energy of the model =   -8.7292962303936370E+050  ergs
 Total energy of the bomb =    1.8729296230393635E+051  ergs
************************************************************
 composing opacity tables from OPAL (may take a few minutes)...
 finished composing opacity tables
      nt           time          dtime       max(rho)       shockpos
       0   0.000000E+00   1.025000E-08   8.902049E+07   9.952352E+07
    1000   1.167069E+02   7.337816E-01   3.082462E+01   1.220100E+11
 finished tracing the shock position
 Time of breakout is   701.30175370184827     
    2000   3.846781E+03   5.541882E+00   8.080080E-03   1.966546E+13
    3000   7.950363E+04   4.327032E+02   2.427741E-07   4.712863E+14
 EOS problem   1.1247613901236992E-007          95
 Scratching entire step...        3016
         time,dt,dt_new:    8.683726E+04   4.973158E+02   2.486579E+02
 EOS problem   1.0298599715589599E-007          95
 Scratching entire step...        3044
         time,dt,dt_new:    9.674872E+04   4.964442E+02   2.482221E+02
 EOS problem   1.0390228526412270E-007          96
 Scratching entire step...        3076
         time,dt,dt_new:    1.087007E+05   5.470212E+02   2.735106E+02
 EOS problem   1.0311952356068695E-007          96
 Scratching entire step...        3111
         time,dt,dt_new:    1.237241E+05   6.490968E+02   3.245484E+02
 EOS problem   1.0679808065892873E-007          94
 Scratching entire step...        3137
         time,dt,dt_new:    1.354117E+05   6.167369E+02   3.083685E+02
 EOS problem   1.1153147202212451E-007          94
 Scratching entire step...        3163
         time,dt,dt_new:    1.465165E+05   5.859904E+02   2.929952E+02
 EOS problem   1.0935117591176447E-007          94
 Scratching entire step...        3190
         time,dt,dt_new:    1.576246E+05   5.706960E+02   2.853480E+02
 EOS problem   1.0469805109510689E-007          94
 Scratching entire step...        3217
         time,dt,dt_new:    1.684427E+05   5.558009E+02   2.779004E+02
 EOS problem   1.8821101342371458E-007          95
 Scratching entire step...        3232
         time,dt,dt_new:    1.734260E+05   4.024827E+02   2.012413E+02
 EOS problem   1.0633115198153562E-007          94
 Scratching entire step...        3276
         time,dt,dt_new:    1.892340E+05   5.964407E+02   2.982204E+02
 EOS problem   1.0057179425133576E-007          95
 Scratching entire step...        3302
         time,dt,dt_new:    1.999734E+05   5.667060E+02   2.833530E+02
 EOS problem   1.0219197908394297E-007          95
 Scratching entire step...        3331
         time,dt,dt_new:    2.118335E+05   5.798556E+02   2.899278E+02
 EOS problem   1.0008421415059810E-007          95
 Scratching entire step...        3359
         time,dt,dt_new:    2.233900E+05   5.788394E+02   2.894197E+02
 EOS problem   1.0643855001636108E-007          95
 Scratching entire step...        3389
         time,dt,dt_new:    2.360963E+05   6.070774E+02   3.035387E+02
 EOS problem   1.0274637894597011E-007          95
 Scratching entire step...        3419
         time,dt,dt_new:    2.494224E+05   6.366930E+02   3.183465E+02
 EOS problem   6.8510039092159572E-007          91
 Scratching entire step...        3444
         time,dt,dt_new:    2.602964E+05   5.901966E+02   2.950983E+02
 EOS problem   4.5008027334232249E-007          95
 Scratching entire step...        3445
         time,dt,dt_new:    2.605915E+05   3.024757E+02   1.512379E+02
 EOS problem   1.0425630354648472E-007          95
 Scratching entire step...        3508
         time,dt,dt_new:    2.832052E+05   7.165790E+02   3.582895E+02
 EOS problem   1.0415893241354775E-007          95
 Scratching entire step...        3538
         time,dt,dt_new:    2.989351E+05   7.515365E+02   3.757682E+02
 EOS problem   1.0386987228560734E-007          95
 Scratching entire step...        3568
         time,dt,dt_new:    3.154323E+05   7.881992E+02   3.940996E+02
 EOS problem   1.0328743455096423E-007          95
 Scratching entire step...        3599
         time,dt,dt_new:    3.335610E+05   8.473169E+02   4.236584E+02
 EOS problem   1.1887670344086021E-006          91
 Scratching entire step...        3623
         time,dt,dt_new:    3.472659E+05   7.662820E+02   3.831410E+02
 EOS problem   3.0617506353228693E-007          86
 Scratching entire step...        3623
         time,dt,dt_new:    3.472659E+05   3.831410E+02   1.915705E+02
 EOS problem   5.6547758852640339E-007          96
 Scratching entire step...        3624
         time,dt,dt_new:    3.474575E+05   1.963598E+02   9.817988E+01
 EOS problem   1.0390102968582307E-007          95
 Scratching entire step...        3707
         time,dt,dt_new:    3.740207E+05   7.622603E+02   3.811302E+02
 EOS problem   1.0346000251147904E-007          95
 Scratching entire step...        3734
         time,dt,dt_new:    3.884701E+05   7.423654E+02   3.711827E+02
 EOS problem   1.0022587747809354E-007          95
 Scratching entire step...        3765
         time,dt,dt_new:    4.055446E+05   7.980453E+02   3.990226E+02
 EOS problem   1.0404738065969791E-007          95
 Scratching entire step...        3796
         time,dt,dt_new:    4.238998E+05   8.579014E+02   4.289507E+02
 EOS problem   1.4412403859815688E-006          91
 Scratching entire step...        3815
         time,dt,dt_new:    4.341714E+05   6.857421E+02   3.428710E+02
 EOS problem   4.3470759365682382E-007          85
 Scratching entire step...        3815
         time,dt,dt_new:    4.341714E+05   3.428710E+02   1.714355E+02
 EOS problem   5.2269897915462691E-007          97
 Scratching entire step...        3816
         time,dt,dt_new:    4.343429E+05   1.757214E+02   8.786071E+01
 EOS problem   1.0171970831861232E-007          95
 Scratching entire step...        3907
         time,dt,dt_new:    4.640735E+05   8.311252E+02   4.155626E+02
 EOS problem   1.0306980342464942E-007          95
 Scratching entire step...        3929
         time,dt,dt_new:    4.760678E+05   7.154207E+02   3.577103E+02
 EOS problem   1.0536779790705505E-007          95
 Scratching entire step...        3959
         time,dt,dt_new:    4.917722E+05   7.503216E+02   3.751608E+02
 EOS problem   1.0233007046319381E-007          95
 Scratching entire step...        3995
         time,dt,dt_new:    5.132695E+05   9.125919E+02   4.562959E+02
    4000   5.156679E+05   5.162570E+02   4.442700E-10   3.094937E+15
 EOS problem   1.2931589753121720E-006          91
 Scratching entire step...        4009
         time,dt,dt_new:    5.208070E+05   6.447342E+02   3.223671E+02
 EOS problem   2.1476747348554179E-007          84
 Scratching entire step...        4009
         time,dt,dt_new:    5.208070E+05   3.223671E+02   1.611836E+02
 EOS problem   2.1091767435886821E-007          96
 Scratching entire step...        4010
         time,dt,dt_new:    5.209682E+05   1.652131E+02   8.260657E+01
 EOS problem   1.0174311449993760E-007          89
 Scratching entire step...        4088
         time,dt,dt_new:    5.403383E+05   5.668604E+02   2.834302E+02
 EOS problem   1.0090717671427628E-007          91
 Scratching entire step...        4141
         time,dt,dt_new:    5.709646E+05   1.049086E+03   5.245429E+02
 EOS problem   1.0586604201336349E-007          91
 Scratching entire step...        4166
         time,dt,dt_new:    5.888818E+05   9.724731E+02   4.862366E+02
 EOS problem   3.2539538560352865E-006          90
 Scratching entire step...        4193
         time,dt,dt_new:    6.073160E+05   9.470916E+02   4.735458E+02
 EOS problem   5.5762673261647857E-007          90
 Scratching entire step...        4193
         time,dt,dt_new:    6.073160E+05   4.735458E+02   2.367729E+02
 EOS problem   1.4984781296904400E-006          96
 Scratching entire step...        4194
         time,dt,dt_new:    6.075527E+05   2.426922E+02   1.213461E+02
 EOS problem   1.0026876362896088E-007          89
 Scratching entire step...        4264
         time,dt,dt_new:    6.300362E+05   6.834338E+02   3.417169E+02
 EOS problem   1.1489071801960242E-007          91
 Scratching entire step...        4311
         time,dt,dt_new:    6.599938E+05   1.090657E+03   5.453284E+02
 EOS problem   1.0019310830680637E-007          91
 Scratching entire step...        4336
         time,dt,dt_new:    6.786210E+05   1.011008E+03   5.055042E+02
 EOS problem   1.1699012909958197E-005          96
 Scratching entire step...        4359
         time,dt,dt_new:    6.940816E+05   8.920181E+02   4.460090E+02
 EOS problem   3.7111501853710845E-006          96
 Scratching entire step...        4359
         time,dt,dt_new:    6.940816E+05   4.460090E+02   2.230045E+02
 EOS problem   1.4956775585809297E-007          96
 Scratching entire step...        4359
         time,dt,dt_new:    6.940816E+05   2.230045E+02   1.115023E+02
 EOS problem   1.3451429018368728E-007          97
 Scratching entire step...        4361
         time,dt,dt_new:    6.943074E+05   1.171471E+02   5.857353E+01
 EOS problem   1.0130803782597274E-007          90
 Scratching entire step...        4470
         time,dt,dt_new:    7.265315E+05   8.641771E+02   4.320885E+02
 EOS problem   1.0148434141958282E-007          91
 Scratching entire step...        4509
         time,dt,dt_new:    7.545235E+05   1.131888E+03   5.659440E+02
 EOS problem   1.0561203991107802E-007          91
 Scratching entire step...        4536
         time,dt,dt_new:    7.759796E+05   1.102346E+03   5.511729E+02
 EOS problem   1.4996732628432777E-005          96
 Scratching entire step...        4545
         time,dt,dt_new:    7.814662E+05   6.883394E+02   3.441697E+02
 EOS problem   1.5755745449627414E-006          97
 Scratching entire step...        4546
         time,dt,dt_new:    7.818104E+05   3.527740E+02   1.763870E+02
 EOS problem   1.4074867769168428E-007          96
 Scratching entire step...        4562
         time,dt,dt_new:    7.852288E+05   2.618475E+02   1.309237E+02
 EOS problem   1.0993972600579984E-007          90
 Scratching entire step...        4620
         time,dt,dt_new:    8.019231E+05   5.482802E+02   2.741401E+02
 EOS problem   1.0383830655935769E-007          92
 Scratching entire step...        4685
         time,dt,dt_new:    8.455438E+05   1.364658E+03   6.823290E+02
 EOS problem   1.0651148602827073E-007          92
 Scratching entire step...        4708
         time,dt,dt_new:    8.664125E+05   1.204045E+03   6.020225E+02
 EOS problem   4.1696550913311146E-007          90
 Scratching entire step...        4710
         time,dt,dt_new:    8.676315E+05   6.324999E+02   3.162500E+02
 EOS problem   1.1394698973961290E-006          97
 Scratching entire step...        4713
         time,dt,dt_new:    8.686042E+05   3.405666E+02   1.702833E+02
 EOS problem   1.1911636116701321E-007          97
 Scratching entire step...        4714
         time,dt,dt_new:    8.687745E+05   1.745404E+02   8.727019E+01
 EOS problem   1.1478649526154789E-007          90
 Scratching entire step...        4787
         time,dt,dt_new:    8.864560E+05   5.293076E+02   2.646538E+02
 EOS problem   1.0751063675330596E-007          90
 Scratching entire step...        4814
         time,dt,dt_new:    8.964895E+05   5.154927E+02   2.577463E+02
 EOS problem   1.0558464250643553E-007          96
 Scratching entire step...        4872
         time,dt,dt_new:    9.293551E+05   1.079386E+03   5.396929E+02
 EOS problem   1.0322215896543811E-007          96
 Scratching entire step...        4896
         time,dt,dt_new:    9.468137E+05   9.761565E+02   4.880783E+02
 EOS problem   1.0076470280212891E-006          90
 Scratching entire step...        4909
         time,dt,dt_new:    9.542034E+05   6.728213E+02   3.364106E+02
 EOS problem   9.7214125441780992E-007          97
 Scratching entire step...        4912
         time,dt,dt_new:    9.552381E+05   3.622775E+02   1.811387E+02
 EOS problem   1.0669621114791873E-007          89
 Scratching entire step...        4957
         time,dt,dt_new:    9.700038E+05   5.502819E+02   2.751410E+02
 EOS problem   1.0070675996084773E-007          90
 Scratching entire step...        4986
         time,dt,dt_new:    9.815202E+05   5.630505E+02   2.815253E+02
    5000   9.861707E+05   3.977878E+02   5.144968E-11   6.071246E+15
 EOS problem   1.0721988170056063E-007          94
 Scratching entire step...        5048
         time,dt,dt_new:    1.022314E+06   1.301359E+03   6.506794E+02
 EOS problem   3.9304551542262667E-006          91
 Scratching entire step...        5070
         time,dt,dt_new:    1.041094E+06   1.120191E+03   5.600955E+02
 EOS problem   5.4576927814083349E-007          90
 Scratching entire step...        5070
         time,dt,dt_new:    1.041094E+06   5.600955E+02   2.800477E+02
 EOS problem   2.8308221116521970E-007          97
 Scratching entire step...        5074
         time,dt,dt_new:    1.042257E+06   3.091203E+02   1.545602E+02
 EOS problem   1.0008187076492145E-007          90
 Scratching entire step...        5128
         time,dt,dt_new:    1.059530E+06   5.863896E+02   2.931948E+02
 EOS problem   1.0150914945866502E-007          90
 Scratching entire step...        5161
         time,dt,dt_new:    1.074294E+06   6.622833E+02   3.311417E+02
 EOS problem   1.0413923694700498E-007          92
 Scratching entire step...        5217
         time,dt,dt_new:    1.113845E+06   1.319928E+03   6.599641E+02
 EOS problem   1.9849567116477204E-006          91
 Scratching entire step...        5234
         time,dt,dt_new:    1.127615E+06   1.004213E+03   5.021067E+02
 EOS problem   1.9548007282796930E-007          90
 Scratching entire step...        5234
         time,dt,dt_new:    1.127615E+06   5.021067E+02   2.510534E+02
 EOS problem   1.8212617205495128E-007          97
 Scratching entire step...        5238
         time,dt,dt_new:    1.128658E+06   2.771159E+02   1.385580E+02
 EOS problem   1.0029033264082520E-007          90
 Scratching entire step...        5300
         time,dt,dt_new:    1.148735E+06   6.404882E+02   3.202441E+02
 EOS problem   1.0032800864583725E-007          90
 Scratching entire step...        5331
         time,dt,dt_new:    1.163466E+06   6.885270E+02   3.442635E+02
 EOS problem   1.0257304673070357E-007          92
 Scratching entire step...        5386
         time,dt,dt_new:    1.203246E+06   1.338763E+03   6.693813E+02
 EOS problem   1.2938975509561213E-006          91
 Scratching entire step...        5400
         time,dt,dt_new:    1.214304E+06   9.458183E+02   4.729091E+02
 EOS problem   1.1300735073511815E-007          90
 Scratching entire step...        5400
         time,dt,dt_new:    1.214304E+06   4.729091E+02   2.364546E+02
 EOS problem   1.0903021498613942E-007          90
 Scratching entire step...        5447
         time,dt,dt_new:    1.235033E+06   7.546914E+02   3.773457E+02
 EOS problem   1.0211662085999823E-007          90
 Scratching entire step...        5483
         time,dt,dt_new:    1.256655E+06   9.179067E+02   4.589533E+02
 EOS problem   1.0933594679379437E-007          92
 Scratching entire step...        5527
         time,dt,dt_new:    1.292707E+06   1.360250E+03   6.801248E+02
 EOS problem   6.3247716834096364E-007          91
 Scratching entire step...        5538
         time,dt,dt_new:    1.301198E+06   8.923827E+02   4.461913E+02
 EOS problem   1.1027594068181802E-006          97
 Scratching entire step...        5539
         time,dt,dt_new:    1.301644E+06   4.573461E+02   2.286731E+02
 EOS problem   1.0906302501707212E-007          90
 Scratching entire step...        5590
         time,dt,dt_new:    1.324722E+06   8.056235E+02   4.028118E+02
 EOS problem   1.2400196891250612E-007          92
 Scratching entire step...        5649
         time,dt,dt_new:    1.377772E+06   1.729061E+03   8.645303E+02
 EOS problem   4.4320107848753034E-007          91
 Scratching entire step...        5660
         time,dt,dt_new:    1.388564E+06   1.134339E+03   5.671693E+02
 EOS problem   1.0708225745117882E-007          91
 Scratching entire step...        5681
         time,dt,dt_new:    1.403982E+06   9.526073E+02   4.763037E+02
 EOS problem   1.0308493142379375E-007          90
 Scratching entire step...        5716
         time,dt,dt_new:    1.430144E+06   1.130366E+03   5.651832E+02
 EOS problem   1.0138806011201892E-007          92
 Scratching entire step...        5757
         time,dt,dt_new:    1.469756E+06   1.555492E+03   7.777458E+02
 EOS problem   1.8007690116002157E-006          97
 Scratching entire step...        5764
         time,dt,dt_new:    1.475626E+06   9.244954E+02   4.622477E+02
 EOS problem   4.4576053396741286E-007          97
 Scratching entire step...        5764
         time,dt,dt_new:    1.475626E+06   4.622477E+02   2.311239E+02
 EOS problem   1.0013932065321134E-007          92
 Scratching entire step...        5840
         time,dt,dt_new:    1.526765E+06   1.509588E+03   7.547942E+02
 EOS problem   1.0616192947463510E-007          92
 Scratching entire step...        5870
         time,dt,dt_new:    1.559903E+06   1.583232E+03   7.916159E+02
 EOS problem   2.4049354091610134E-006          97
 Scratching entire step...        5873
         time,dt,dt_new:    1.562337E+06   8.524837E+02   4.262419E+02
 EOS problem   3.2766897049231185E-007          97
 Scratching entire step...        5873
         time,dt,dt_new:    1.562337E+06   4.262419E+02   2.131209E+02
 EOS problem   1.0042853717097746E-007          92
 Scratching entire step...        5952
         time,dt,dt_new:    1.613774E+06   1.499034E+03   7.495170E+02
 EOS problem   1.0173208221544405E-007          92
 Scratching entire step...        5983
         time,dt,dt_new:    1.648252E+06   1.611467E+03   8.057333E+02
 EOS problem   1.6682119837798123E-006          97
 Scratching entire step...        5984
         time,dt,dt_new:    1.649057E+06   8.258766E+02   4.129383E+02
 EOS problem   1.2008379724426308E-007          97
 Scratching entire step...        5984
         time,dt,dt_new:    1.649057E+06   4.129383E+02   2.064692E+02
    6000   1.653059E+06   3.065046E+02   9.795040E-12   1.047274E+16
 EOS problem   1.0828411692753548E-007          92
 Scratching entire step...        6064
         time,dt,dt_new:    1.700341E+06   1.488553E+03   7.442767E+02
 EOS problem   6.0695380963322480E-006          97
 Scratching entire step...        6096
         time,dt,dt_new:    1.736178E+06   1.640205E+03   8.201025E+02
 EOS problem   1.6328129669114033E-006          97
 Scratching entire step...        6096
         time,dt,dt_new:    1.736178E+06   8.201025E+02   4.100512E+02
 EOS problem   1.0300439392344908E-007          97
 Scratching entire step...        6097
         time,dt,dt_new:    1.736588E+06   4.203025E+02   2.101513E+02
 EOS problem   1.0166347361632257E-007          91
 Scratching entire step...        6176
         time,dt,dt_new:    1.787308E+06   1.478146E+03   7.390730E+02
 EOS problem   3.5529212516886056E-006          97
 Scratching entire step...        6208
         time,dt,dt_new:    1.822894E+06   1.628737E+03   8.143687E+02
 EOS problem   1.0149505717970868E-006          97
 Scratching entire step...        6208
         time,dt,dt_new:    1.822894E+06   8.143687E+02   4.071843E+02
 EOS problem   1.2992868915696863E-007          97
 Scratching entire step...        6208
         time,dt,dt_new:    1.822894E+06   4.071843E+02   2.035922E+02
 EOS problem   1.0726452286549497E-007          91
 Scratching entire step...        6292
         time,dt,dt_new:    1.879558E+06   1.620189E+03   8.100946E+02
 EOS problem   1.8843526332505521E-006          97
 Scratching entire step...        6319
         time,dt,dt_new:    1.910271E+06   1.577902E+03   7.889512E+02
 EOS problem   5.2620877027875059E-007          97
 Scratching entire step...        6319
         time,dt,dt_new:    1.910271E+06   7.889512E+02   3.944756E+02
 EOS problem   1.0879766298856690E-007          97
 Scratching entire step...        6319
         time,dt,dt_new:    1.910271E+06   3.944756E+02   1.972378E+02
 EOS problem   1.0192608225609500E-007          91
 Scratching entire step...        6405
         time,dt,dt_new:    1.968344E+06   1.649083E+03   8.245416E+02
 EOS problem   1.0275112361860838E-006          97
 Scratching entire step...        6431
         time,dt,dt_new:    1.998038E+06   1.566870E+03   7.834352E+02
 EOS problem   2.8449841997762830E-007          97
 Scratching entire step...        6431
         time,dt,dt_new:    1.998038E+06   7.834352E+02   3.917176E+02
 EOS problem   1.0000006456113637E-007          91
 Scratching entire step...        6491
         time,dt,dt_new:    2.051308E+06   1.723475E+03   8.617375E+02
 EOS problem   5.8777408548243336E-007          97
 Scratching entire step...        6519
         time,dt,dt_new:    2.085657E+06   1.720455E+03   8.602273E+02
 EOS problem   1.7201962095968235E-007          97
 Scratching entire step...        6519
         time,dt,dt_new:    2.085657E+06   8.602273E+02   4.301137E+02
 EOS problem   1.1613069468634492E-007          92
 Scratching entire step...        6586
         time,dt,dt_new:    2.158431E+06   2.249480E+03   1.124740E+03
 EOS problem   2.2482788062977024E-007          97
 Scratching entire step...        6597
         time,dt,dt_new:    2.172472E+06   1.475757E+03   7.378783E+02
 EOS problem   1.0200955596435580E-007          90
 Scratching entire step...        6630
         time,dt,dt_new:    2.209627E+06   1.666757E+03   8.333786E+02
 EOS problem   1.0665196657388597E-007          91
 Scratching entire step...        6663
         time,dt,dt_new:    2.251591E+06   1.882478E+03   9.412389E+02
 EOS problem   1.0660248749627980E-007          91
 Scratching entire step...        6671
         time,dt,dt_new:    2.259814E+06   1.146808E+03   5.734041E+02
 EOS problem   1.1313769952311864E-007          92
 Scratching entire step...        6724
         time,dt,dt_new:    2.321773E+06   2.122392E+03   1.061196E+03
 EOS problem   2.1661451987287374E-007          91
 Scratching entire step...        6743
         time,dt,dt_new:    2.347185E+06   1.696481E+03   8.482407E+02
 EOS problem   2.4935996269008163E-007          97
 Scratching entire step...        6744
         time,dt,dt_new:    2.348033E+06   8.694468E+02   4.347234E+02
 EOS problem   1.0971821808958427E-007          92
 Scratching entire step...        6806
         time,dt,dt_new:    2.411025E+06   2.009521E+03   1.004761E+03
 EOS problem   2.3213377329652197E-006          97
 Scratching entire step...        6826
         time,dt,dt_new:    2.436691E+06   1.646417E+03   8.232087E+02
 EOS problem   1.2313963170175424E-007          97
 Scratching entire step...        6827
         time,dt,dt_new:    2.437514E+06   8.437889E+02   4.218945E+02
 EOS problem   1.0791984371798105E-007          92
 Scratching entire step...        6889
         time,dt,dt_new:    2.498647E+06   1.950219E+03   9.751097E+02
 EOS problem   2.2447830272170658E-006          97
 Scratching entire step...        6909
         time,dt,dt_new:    2.523556E+06   1.597831E+03   7.989154E+02
 EOS problem   1.0120975614089756E-007          91
 Scratching entire step...        6931
         time,dt,dt_new:    2.546615E+06   1.375390E+03   6.876950E+02
 EOS problem   1.6851351184340857E-007          91
 Scratching entire step...        6979
         time,dt,dt_new:    2.609099E+06   2.249787E+03   1.124893E+03
 EOS problem   1.8104776210952589E-007          97
 Scratching entire step...        6980
         time,dt,dt_new:    2.610224E+06   1.153016E+03   5.765079E+02
    7000   2.624950E+06   9.446753E+02   2.304474E-12   1.697778E+16
 EOS problem   1.0792213091034724E-007          92
 Scratching entire step...        7026
         time,dt,dt_new:    2.658970E+06   1.795160E+03   8.975798E+02
 EOS problem   1.4990870270545500E-006          97
 Scratching entire step...        7056
         time,dt,dt_new:    2.698376E+06   1.882734E+03   9.413672E+02
 EOS problem   1.0541065851047512E-007          91
 Scratching entire step...        7076
         time,dt,dt_new:    2.722423E+06   1.542540E+03   7.712698E+02
 EOS problem   8.3745800610212639E-007          97
 Scratching entire step...        7121
         time,dt,dt_new:    2.785294E+06   2.343043E+03   1.171522E+03
 EOS problem   1.0170755183628708E-007          92
 Scratching entire step...        7134
         time,dt,dt_new:    2.803031E+06   1.614955E+03   8.074777E+02
 EOS problem   1.6863044246349318E-007          92
 Scratching entire step...        7180
         time,dt,dt_new:    2.871307E+06   2.514365E+03   1.257183E+03
 EOS problem   1.0438172694493691E-007          97
 Scratching entire step...        7181
         time,dt,dt_new:    2.872564E+06   1.288612E+03   6.443061E+02
 EOS problem   1.0686436157546469E-007          92
 Scratching entire step...        7221
         time,dt,dt_new:    2.915992E+06   1.730003E+03   8.650015E+02
 EOS problem   3.2789387502679904E-007          92
 Scratching entire step...        7254
         time,dt,dt_new:    2.959548E+06   1.953909E+03   9.769547E+02
 EOS problem   1.5283623011183140E-007          97
 Scratching entire step...        7255
         time,dt,dt_new:    2.960525E+06   1.001379E+03   5.006893E+02
 EOS problem   1.0458978042676669E-007          92
 Scratching entire step...        7303
         time,dt,dt_new:    3.006017E+06   1.638000E+03   8.189999E+02
 EOS problem   4.2806542813767656E-007          92
 Scratching entire step...        7336
         time,dt,dt_new:    3.047257E+06   1.849999E+03   9.249993E+02
 EOS problem   1.6370443800751093E-007          97
 Scratching entire step...        7337
         time,dt,dt_new:    3.048182E+06   9.481243E+02   4.740621E+02
 EOS problem   1.0131460906221476E-007          92
 Scratching entire step...        7387
         time,dt,dt_new:    3.094396E+06   1.629403E+03   8.147015E+02
 EOS problem   2.3072955611583491E-007          92
 Scratching entire step...        7420
         time,dt,dt_new:    3.135420E+06   1.840289E+03   9.201446E+02
 EOS problem   1.0131959806812839E-007          92
 Scratching entire step...        7445
         time,dt,dt_new:    3.166850E+06   1.705897E+03   8.529484E+02
 EOS problem   2.0213030648714558E-007          92
 Scratching entire step...        7484
         time,dt,dt_new:    3.222106E+06   2.234362E+03   1.117181E+03
 EOS problem   1.0324134657484848E-007          92
 Scratching entire step...        7502
         time,dt,dt_new:    3.247116E+06   1.742421E+03   8.712104E+02
 EOS problem   2.6000525949679728E-007          97
 Scratching entire step...        7545
         time,dt,dt_new:    3.313032E+06   2.519122E+03   1.259561E+03
 EOS problem   1.0682267579197831E-007          92
 Scratching entire step...        7561
         time,dt,dt_new:    3.337443E+06   1.869826E+03   9.349129E+02
 EOS problem   2.0141396133328925E-007          97
 Scratching entire step...        7601
         time,dt,dt_new:    3.400458E+06   2.510301E+03   1.255150E+03
 EOS problem   1.0915075889626991E-007          92
 Scratching entire step...        7618
         time,dt,dt_new:    3.426647E+06   1.909860E+03   9.549299E+02
 EOS problem   1.1326795217456768E-007          91
 Scratching entire step...        7656
         time,dt,dt_new:    3.486069E+06   2.440497E+03   1.220249E+03
 EOS problem   1.0723688341462393E-007          92
 Scratching entire step...        7676
         time,dt,dt_new:    3.517240E+06   1.999520E+03   9.997598E+02
 EOS problem   2.7000934225311691E-007          97
 Scratching entire step...        7712
         time,dt,dt_new:    3.574528E+06   2.431951E+03   1.215976E+03
 EOS problem   5.1904762440528726E-007          97
 Scratching entire step...        7754
         time,dt,dt_new:    3.663099E+06   3.430261E+03   1.715131E+03
 EOS problem   1.2752294973317970E-007          97
 Scratching entire step...        7754
         time,dt,dt_new:    3.663099E+06   1.715131E+03   8.575653E+02
 EOS problem   4.2074742992640369E-007          97
 Scratching entire step...        7805
         time,dt,dt_new:    3.749646E+06   3.021234E+03   1.510617E+03
 EOS problem   1.0002840319589011E-007          93
 Scratching entire step...        7825
         time,dt,dt_new:    3.788234E+06   2.475322E+03   1.237661E+03
 EOS problem   2.2581706965739344E-007          97
 Scratching entire step...        7853
         time,dt,dt_new:    3.837567E+06   2.470984E+03   1.235492E+03
 EOS problem   2.2672887657296823E-007          97
 Scratching entire step...        7894
         time,dt,dt_new:    3.924160E+06   3.400309E+03   1.700154E+03
 EOS problem   1.0388393706176685E-007          93
 Scratching entire step...        7911
         time,dt,dt_new:    3.959633E+06   2.586986E+03   1.293493E+03
 EOS problem   1.0109376397071841E-007          93
 Scratching entire step...        7941
         time,dt,dt_new:    4.016421E+06   2.713189E+03   1.356594E+03
 EOS problem   1.0669298566696379E-007          94
 Scratching entire step...        7978
         time,dt,dt_new:    4.097456E+06   3.382463E+03   1.691232E+03
 EOS problem   1.0010975325011380E-007          93
 Scratching entire step...        7998
         time,dt,dt_new:    4.140658E+06   2.771280E+03   1.385640E+03
    8000   4.143464E+06   1.455788E+03   5.598676E-13   2.717041E+16
 EOS problem   1.5042052650326139E-007          93
 Scratching entire step...        8023
         time,dt,dt_new:    4.187988E+06   2.568899E+03   1.284449E+03
 EOS problem   3.0023473834979000E-007          94
 Scratching entire step...        8063
         time,dt,dt_new:    4.274563E+06   3.448829E+03   1.724414E+03
 EOS problem   1.0074216664684213E-007          94
 Scratching entire step...        8095
         time,dt,dt_new:    4.357594E+06   3.800190E+03   1.900095E+03
 EOS problem   4.7484946548592053E-007          94
 Scratching entire step...        8127
         time,dt,dt_new:    4.449084E+06   4.187348E+03   2.093674E+03
 EOS problem   4.2819543880054011E-007          94
 Scratching entire step...        8156
         time,dt,dt_new:    4.536718E+06   4.284510E+03   2.142255E+03
 EOS problem   4.7285718908720562E-007          94
 Scratching entire step...        8185
         time,dt,dt_new:    4.626385E+06   4.383926E+03   2.191963E+03
 EOS problem   3.8770269808062701E-007          94
 Scratching entire step...        8213
         time,dt,dt_new:    4.713756E+06   4.376243E+03   2.188122E+03
 EOS problem   4.4586476509928441E-007          94
 Scratching entire step...        8241
         time,dt,dt_new:    4.800974E+06   4.368574E+03   2.184287E+03
 EOS problem   3.7742272066866297E-007          94
 Scratching entire step...        8269
         time,dt,dt_new:    4.888039E+06   4.360918E+03   2.180459E+03
 EOS problem   3.1605829491328812E-007          94
 Scratching entire step...        8297
         time,dt,dt_new:    4.974952E+06   4.353276E+03   2.176638E+03
 Done! :-) tend reached after     8308 timesteps
 Ni evals:     58  (remap-forced resets:     57)
 Grid remaps:     57
