
 ***********************************
 * Supernova Explosion Code (SNEC) *
 ***********************************

 Smooth Ni luminosity:  0
 Solver: epstol_hydro= 2.00E-06  epstol_rad= 2.00E-06  itmax_hydro=  30  itmax_rad= 120
 Output mode:  0
 Removing output directory contents: Data
 Using the Paczynski EOS!
 Profile file: profiles/stripped_star.short
 We have         1482 profile zones.
 We have         1482 composition profile zones.
 Ni mixing (step): kernel=1, q_mix =  0.31000000000000000       mix_outer_mass =   2.5016567616319918       Msun
    X_Ni =  0.02723
  --- Ni mass diagnostics (after kernel + normalize) ---
    Total in profile:     2.99787E-02 Msun
    Above excision:       2.99787E-02 Msun
    Below excision:       0.00000E+00 Msun
  Boxcar smoothing (all species): nominal_mass= 0.4000 Msun, iterations=  4
  Boxcar smoothing (Ni only):    nominal_mass= 0.4000 Msun, iterations=  4
  --- Ni mass diagnostics (after boxcar smoothing) ---
    Total in profile:     2.99787E-02 Msun
    Above excision:       2.99787E-02 Msun
    Below excision (LOST): 0.00000E+00 Msun
  --- Ni mass diagnostics (on grid) ---
    Ni on grid:           2.99734E-02 Msun
    Expected (parameter): 3.00000E-02 Msun
    Ratio grid/expected:    99.91 %
    Ejecta mass on grid:  3.55380E+00 Msun
************************************************************
 Operating in Thermal Bomb Mode  1
 Bomb energy is spread over =            2 points
 Total energy of the model =   -8.7292962303936370E+050  ergs
 Total energy of the bomb =    1.8729296230393635E+051  ergs
************************************************************
 composing opacity tables from OPAL (may take a few minutes)...
 finished composing opacity tables
      nt           time          dtime       max(rho)       shockpos
       0   0.000000E+00   1.025000E-08   8.902049E+07   9.952352E+07
    1000   1.167037E+02   7.337389E-01   3.082437E+01   1.220094E+11
 finished tracing the shock position
 Time of breakout is   701.28498475488698     
    2000   3.846106E+03   5.542399E+00   8.081050E-03   1.966190E+13
    3000   7.950804E+04   4.327362E+02   2.426954E-07   4.713218E+14
 EOS problem   3.2790539372910055E-006          91
 Scratching entire step...        3249
         time,dt,dt_new:    5.333141E+05   6.139221E+03   3.069610E+03
 EOS problem   4.0176190304712630E-006          92
 Scratching entire step...        3296
         time,dt,dt_new:    8.024203E+05   9.797266E+03   4.898633E+03
 EOS problem   3.4388025763678927E-006          91
 Scratching entire step...        3312
         time,dt,dt_new:    8.973569E+05   7.272048E+03   3.636024E+03
 EOS problem   3.2761315301601694E-006          91
 Scratching entire step...        3345
         time,dt,dt_new:    1.080445E+06   8.213236E+03   4.106618E+03
 EOS problem   2.0296052344550000E-006          91
 Scratching entire step...        3385
         time,dt,dt_new:    1.357242E+06   1.102653E+04   5.513266E+03
 EOS problem   2.0013075305102825E-006          92
 Scratching entire step...        3444
         time,dt,dt_new:    2.083334E+06   2.366557E+04   1.183279E+04
 EOS problem   2.2551105029874651E-006          92
 Scratching entire step...        3473
         time,dt,dt_new:    2.578611E+06   2.421470E+04   1.210735E+04
 EOS problem   2.1206045755664616E-006          92
 Scratching entire step...        3504
         time,dt,dt_new:    3.135552E+06   2.603089E+04   1.301544E+04
 Done! :-) tend reached after     3567 timesteps
 Ni evals:     53  (remap-forced resets:     52)
 Grid remaps:     52
