
 ***********************************
 * Supernova Explosion Code (SNEC) *
 ***********************************

 Smooth Ni luminosity:  0
 Solver: epstol_hydro= 1.00E-07  epstol_rad= 1.00E-07  itmax_hydro=  80  itmax_rad= 240
 Output mode:  0
 Removing output directory contents: Data
 Using the Paczynski EOS!
 Profile file: profiles/stripped_star.short
 We have         1482 profile zones.
 We have         1482 composition profile zones.
 Ni mixing (step): kernel=1, q_mix =  0.31000000000000000       mix_outer_mass =   2.5016567616319918       Msun
    X_Ni =  0.02723
  --- Ni mass diagnostics (after kernel + normalize) ---
    Total in profile:     2.99787E-02 Msun
    Above excision:       2.99787E-02 Msun
    Below excision:       0.00000E+00 Msun
  Boxcar smoothing (all species): nominal_mass= 0.4000 Msun, iterations=  4
  Boxcar smoothing (Ni only):    nominal_mass= 0.4000 Msun, iterations=  4
  --- Ni mass diagnostics (after boxcar smoothing) ---
    Total in profile:     2.99787E-02 Msun
    Above excision:       2.99787E-02 Msun
    Below excision (LOST): 0.00000E+00 Msun
  --- Ni mass diagnostics (on grid) ---
    Ni on grid:           2.99734E-02 Msun
    Expected (parameter): 3.00000E-02 Msun
    Ratio grid/expected:    99.91 %
    Ejecta mass on grid:  3.55380E+00 Msun
************************************************************
 Operating in Thermal Bomb Mode  1
 Bomb energy is spread over =            2 points
 Total energy of the model =   -8.7292962303936370E+050  ergs
 Total energy of the bomb =    1.8729296230393635E+051  ergs
************************************************************
 composing opacity tables from OPAL (may take a few minutes)...
 finished composing opacity tables
      nt           time          dtime       max(rho)       shockpos
       0   0.000000E+00   1.025000E-08   8.902049E+07   9.952352E+07
    1000   1.167069E+02   7.337816E-01   3.082462E+01   1.220100E+11
 finished tracing the shock position
 Time of breakout is   701.30175370184827     
    2000   3.846781E+03   5.541882E+00   8.080080E-03   1.966546E+13
    3000   7.950363E+04   4.327032E+02   2.427741E-07   4.712863E+14
 EOS problem   1.1421918454302272E-007          89
 Scratching entire step...        3251
         time,dt,dt_new:    5.333252E+05   6.073645E+03   3.036822E+03
 EOS problem   2.9574327512585972E-007          90
 Scratching entire step...        3298
         time,dt,dt_new:    7.995570E+05   9.692617E+03   4.846309E+03
 EOS problem   1.7436765079935928E-007          89
 Scratching entire step...        3314
         time,dt,dt_new:    8.934796E+05   7.194372E+03   3.597186E+03
 EOS problem   1.8743571205680706E-007          89
 Scratching entire step...        3347
         time,dt,dt_new:    1.074612E+06   8.125507E+03   4.062753E+03
 EOS problem   1.0998877994470879E-007          88
 Scratching entire step...        3378
         time,dt,dt_new:    1.261500E+06   8.734947E+03   4.367474E+03
 EOS problem   1.2032723611413740E-007          89
 Scratching entire step...        3436
         time,dt,dt_new:    1.818403E+06   1.829003E+04   9.145017E+03
 EOS problem   1.3237618612642589E-007          90
 Scratching entire step...        3470
         time,dt,dt_new:    2.299548E+06   2.117366E+04   1.058683E+04
 EOS problem   1.2539955317758381E-007          90
 Scratching entire step...        3502
         time,dt,dt_new:    2.809307E+06   2.333080E+04   1.166540E+04
 Done! :-) tend reached after     3575 timesteps
 Ni evals:     53  (remap-forced resets:     52)
 Grid remaps:     52
