
 ***********************************
 * Supernova Explosion Code (SNEC) *
 ***********************************

 Smooth Ni luminosity:  0
 Solver: epstol_hydro= 5.00E-05  epstol_rad= 5.00E-05  itmax_hydro=   8  itmax_rad=  30
 Output mode:  0
 Removing output directory contents: Data
 Using the Paczynski EOS!
 Profile file: profiles/stripped_star.short
 We have         1482 profile zones.
 We have         1482 composition profile zones.
 Ni mixing (step): kernel=1, q_mix =  0.31000000000000000       mix_outer_mass =   2.5016567616319918       Msun
    X_Ni =  0.02723
  --- Ni mass diagnostics (after kernel + normalize) ---
    Total in profile:     2.99787E-02 Msun
    Above excision:       2.99787E-02 Msun
    Below excision:       0.00000E+00 Msun
  Boxcar smoothing (all species): nominal_mass= 0.4000 Msun, iterations=  4
  Boxcar smoothing (Ni only):    nominal_mass= 0.4000 Msun, iterations=  4
  --- Ni mass diagnostics (after boxcar smoothing) ---
    Total in profile:     2.99787E-02 Msun
    Above excision:       2.99787E-02 Msun
    Below excision (LOST): 0.00000E+00 Msun
  --- Ni mass diagnostics (on grid) ---
    Ni on grid:           2.99734E-02 Msun
    Expected (parameter): 3.00000E-02 Msun
    Ratio grid/expected:    99.91 %
    Ejecta mass on grid:  3.55380E+00 Msun
************************************************************
 Operating in Thermal Bomb Mode  1
 Bomb energy is spread over =            2 points
 Total energy of the model =   -8.7292962303936370E+050  ergs
 Total energy of the bomb =    1.8729296230393635E+051  ergs
************************************************************
 composing opacity tables from OPAL (may take a few minutes)...
 finished composing opacity tables
      nt           time          dtime       max(rho)       shockpos
       0   0.000000E+00   1.025000E-08   8.902049E+07   9.952352E+07
    1000   1.164974E+02   7.315530E-01   3.080265E+01   1.219905E+11
 finished tracing the shock position
 Time of breakout is   700.62338617458795     
    2000   3.811571E+03   5.555407E+00   8.129899E-03   1.949552E+13
    3000   7.739284E+04   4.156450E+02   2.640947E-07   4.597481E+14
 EOS problem   5.1175784304946730E-005          94
 Scratching entire step...        3256
         time,dt,dt_new:    5.276981E+05   5.953533E+03   2.976767E+03
 EOS problem   9.8042015336517044E-005          96
 Scratching entire step...        3303
         time,dt,dt_new:    7.886650E+05   9.500938E+03   4.750469E+03
 EOS problem   7.1031798231786190E-005          96
 Scratching entire step...        3303
         time,dt,dt_new:    7.886650E+05   4.750469E+03   2.375234E+03
 EOS problem   5.0685576360596280E-005          94
 Scratching entire step...        3333
         time,dt,dt_new:    8.929442E+05   4.982215E+03   2.491107E+03
 EOS problem   5.0252996428642341E-005          94
 Scratching entire step...        3386
         time,dt,dt_new:    1.162122E+06   9.220560E+03   4.610280E+03
 EOS problem   5.3351650778267868E-005          92
 Scratching entire step...        3439
         time,dt,dt_new:    1.660289E+06   1.706445E+04   8.532223E+03
 EOS problem   5.1952017075904350E-005          90
 Scratching entire step...        3468
         time,dt,dt_new:    2.017416E+06   1.746040E+04   8.730202E+03
 EOS problem   5.2647020556540600E-005          91
 Scratching entire step...        3515
         time,dt,dt_new:    2.782774E+06   2.786416E+04   1.393208E+04
 EOS problem   5.5871146930218502E-005          92
 Scratching entire step...        3549
         time,dt,dt_new:    3.515781E+06   3.225725E+04   1.612863E+04
 Done! :-) tend reached after     3598 timesteps
 Ni evals:     53  (remap-forced resets:     52)
 Grid remaps:     52
