
 ***********************************
 * Supernova Explosion Code (SNEC) *
 ***********************************

 Smooth Ni luminosity:  0
 Solver: epstol_hydro= 1.00E-08  epstol_rad= 1.00E-08  itmax_hydro= 100  itmax_rad= 300
 Output mode:  0
 Removing output directory contents: Data
 Using the Paczynski EOS!
 Profile file: profiles/stripped_star.short
 We have         1482 profile zones.
 We have         1482 composition profile zones.
 Ni mixing (step): kernel=1, q_mix =  0.31000000000000000       mix_outer_mass =   2.5016567616319918       Msun
    X_Ni =  0.02723
  --- Ni mass diagnostics (after kernel + normalize) ---
    Total in profile:     2.99787E-02 Msun
    Above excision:       2.99787E-02 Msun
    Below excision:       0.00000E+00 Msun
  Boxcar smoothing (all species): nominal_mass= 0.4000 Msun, iterations=  4
  Boxcar smoothing (Ni only):    nominal_mass= 0.4000 Msun, iterations=  4
  --- Ni mass diagnostics (after boxcar smoothing) ---
    Total in profile:     2.99787E-02 Msun
    Above excision:       2.99787E-02 Msun
    Below excision (LOST): 0.00000E+00 Msun
  --- Ni mass diagnostics (on grid) ---
    Ni on grid:           2.99734E-02 Msun
    Expected (parameter): 3.00000E-02 Msun
    Ratio grid/expected:    99.91 %
    Ejecta mass on grid:  3.55380E+00 Msun
************************************************************
 Operating in Thermal Bomb Mode  1
 Bomb energy is spread over =            2 points
 Total energy of the model =   -8.7292962303936370E+050  ergs
 Total energy of the bomb =    1.8729296230393635E+051  ergs
************************************************************
 composing opacity tables from OPAL (may take a few minutes)...
 finished composing opacity tables
      nt           time          dtime       max(rho)       shockpos
       0   0.000000E+00   1.025000E-08   8.902049E+07   9.952352E+07
    1000   1.167071E+02   7.337846E-01   3.082460E+01   1.220100E+11
 finished tracing the shock position
 Time of breakout is   701.30206367869494     
    2000   3.846804E+03   5.541770E+00   8.080223E-03   1.966551E+13
    3000   7.950116E+04   4.326848E+02   2.428019E-07   4.712695E+14
 EOS problem   2.1204497270981737E-008          88
 Scratching entire step...        3250
         time,dt,dt_new:    5.315518E+05   6.021689E+03   3.010845E+03
 EOS problem   1.2206481609379346E-008          89
 Scratching entire step...        3286
         time,dt,dt_new:    7.040774E+05   7.323986E+03   3.661993E+03
 EOS problem   1.2799115315740231E-008          88
 Scratching entire step...        3306
         time,dt,dt_new:    7.976218E+05   6.000602E+03   3.000301E+03
 EOS problem   1.5079364080843758E-008          87
 Scratching entire step...        3330
         time,dt,dt_new:    8.946786E+05   5.426722E+03   2.713361E+03
 EOS problem   2.1008370751791247E-008          87
 Scratching entire step...        3368
         time,dt,dt_new:    1.063524E+06   6.934489E+03   3.467244E+03
 EOS problem   1.0099649683823931E-008          87
 Scratching entire step...        3392
         time,dt,dt_new:    1.175686E+06   6.271295E+03   3.135648E+03
 EOS problem   1.2569877105395944E-008          88
 Scratching entire step...        3437
         time,dt,dt_new:    1.431292E+06   9.525794E+03   4.762897E+03
 EOS problem   1.0587010862779444E-008          88
 Scratching entire step...        3479
         time,dt,dt_new:    1.778220E+06   1.343611E+04   6.718055E+03
 EOS problem   1.3134115742731898E-008          89
 Scratching entire step...        3514
         time,dt,dt_new:    2.147231E+06   1.594332E+04   7.971661E+03
 EOS problem   1.0870032208341945E-008          89
 Scratching entire step...        3546
         time,dt,dt_new:    2.531069E+06   1.756760E+04   8.783802E+03
 EOS problem   1.1018041348035329E-008          89
 Scratching entire step...        3582
         time,dt,dt_new:    3.034393E+06   2.136691E+04   1.068345E+04
 Done! :-) tend reached after     3653 timesteps
 Ni evals:     54  (remap-forced resets:     53)
 Grid remaps:     53
