
 ***********************************
 * Supernova Explosion Code (SNEC) *
 ***********************************

 Smooth Ni luminosity:  0
 Solver: epstol_hydro= 1.00E-07  epstol_rad= 1.00E-07  itmax_hydro=  20  itmax_rad=  90
 Output mode:  0
 Removing output directory contents: Data
 Using the Paczynski EOS!
 Profile file: profiles/stripped_star.short
 We have         1482 profile zones.
 We have         1482 composition profile zones.
 Ni mixing (step): kernel=1, q_mix =  0.31000000000000000       mix_outer_mass =   2.5016567616319918       Msun
    X_Ni =  0.02723
  --- Ni mass diagnostics (after kernel + normalize) ---
    Total in profile:     2.99787E-02 Msun
    Above excision:       2.99787E-02 Msun
    Below excision:       0.00000E+00 Msun
  Boxcar smoothing (all species): nominal_mass= 0.4000 Msun, iterations=  4
  Boxcar smoothing (Ni only):    nominal_mass= 0.4000 Msun, iterations=  4
  --- Ni mass diagnostics (after boxcar smoothing) ---
    Total in profile:     2.99787E-02 Msun
    Above excision:       2.99787E-02 Msun
    Below excision (LOST): 0.00000E+00 Msun
  --- Ni mass diagnostics (on grid) ---
    Ni on grid:           2.99734E-02 Msun
    Expected (parameter): 3.00000E-02 Msun
    Ratio grid/expected:    99.91 %
    Ejecta mass on grid:  3.55380E+00 Msun
************************************************************
 Operating in Thermal Bomb Mode  1
 Bomb energy is spread over =            2 points
 Total energy of the model =   -8.7292962303936370E+050  ergs
 Total energy of the bomb =    1.8729296230393635E+051  ergs
************************************************************
 composing opacity tables from OPAL (may take a few minutes)...
 finished composing opacity tables
      nt           time          dtime       max(rho)       shockpos
       0   0.000000E+00   1.025000E-08   8.902049E+07   9.952352E+07
    1000   1.167069E+02   7.337816E-01   3.082462E+01   1.220100E+11
 finished tracing the shock position
 Time of breakout is   701.30175370184827     
    2000   3.846781E+03   5.541882E+00   8.080080E-03   1.966546E+13
    3000   7.950363E+04   4.327032E+02   2.427741E-07   4.712863E+14
 EOS problem   2.8800743450518327E-007          93
 Scratching entire step...        3177
         time,dt,dt_new:    2.609970E+05   2.193476E+03   1.096738E+03
 EOS problem   1.3843195021074686E-006          93
 Scratching entire step...        3222
         time,dt,dt_new:    3.503989E+05   3.331784E+03   1.665892E+03
 EOS problem   1.9745726251390690E-007          95
 Scratching entire step...        3222
         time,dt,dt_new:    3.503989E+05   1.665892E+03   8.329461E+02
 EOS problem   5.2768337086735726E-007          90
 Scratching entire step...        3274
         time,dt,dt_new:    4.373955E+05   3.007862E+03   1.503931E+03
 EOS problem   1.1145780030086808E-007          90
 Scratching entire step...        3276
         time,dt,dt_new:    4.404410E+05   1.580067E+03   7.900337E+02
 EOS problem   5.8830289268563289E-007          89
 Scratching entire step...        3329
         time,dt,dt_new:    5.258085E+05   2.924223E+03   1.462112E+03
 EOS problem   1.0014676214285450E-007          89
 Scratching entire step...        3333
         time,dt,dt_new:    5.318800E+05   1.613898E+03   8.069488E+02
 EOS problem   5.9717741734164683E-007          89
 Scratching entire step...        3384
         time,dt,dt_new:    6.133184E+05   2.842910E+03   1.421455E+03
 EOS problem   1.0765110467679457E-007          90
 Scratching entire step...        3419
         time,dt,dt_new:    6.913964E+05   3.373404E+03   1.686702E+03
 EOS problem   3.4228486485973106E-007          96
 Scratching entire step...        3424
         time,dt,dt_new:    7.002623E+05   1.908349E+03   9.541743E+02
 EOS problem   1.2528741695982372E-007          91
 Scratching entire step...        3472
         time,dt,dt_new:    7.869582E+05   3.121571E+03   1.560786E+03
 EOS problem   2.4060783154726063E-007          96
 Scratching entire step...        3474
         time,dt,dt_new:    7.901187E+05   1.639800E+03   8.199002E+02
 EOS problem   2.9610173136904282E-007          90
 Scratching entire step...        3526
         time,dt,dt_new:    8.757528E+05   2.960752E+03   1.480376E+03
 EOS problem   4.6553015066734547E-007          97
 Scratching entire step...        3527
         time,dt,dt_new:    8.772332E+05   1.517385E+03   7.586927E+02
 EOS problem   5.5599379416074058E-007          90
 Scratching entire step...        3582
         time,dt,dt_new:    9.649008E+05   2.950384E+03   1.475192E+03
 EOS problem   3.0462042031328855E-007          97
 Scratching entire step...        3583
         time,dt,dt_new:    9.663760E+05   1.512072E+03   7.560358E+02
 EOS problem   5.8797828669007301E-007          90
 Scratching entire step...        3638
         time,dt,dt_new:    1.053737E+06   2.940052E+03   1.470026E+03
 EOS problem   1.4047051610146971E-007          97
 Scratching entire step...        3639
         time,dt,dt_new:    1.055207E+06   1.506776E+03   7.533882E+02
 EOS problem   3.4991839915840857E-007          90
 Scratching entire step...        3694
         time,dt,dt_new:    1.142261E+06   2.929756E+03   1.464878E+03
 EOS problem   1.0064082998131587E-007          89
 Scratching entire step...        3710
         time,dt,dt_new:    1.170651E+06   2.174620E+03   1.087310E+03
 EOS problem   1.4060947118394093E-007          90
 Scratching entire step...        3745
         time,dt,dt_new:    1.230375E+06   2.580409E+03   1.290205E+03
 EOS problem   1.2497407949173898E-007          90
 Scratching entire step...        3785
         time,dt,dt_new:    1.317338E+06   3.464282E+03   1.732141E+03
 EOS problem   1.3087374531391926E-007          91
 Scratching entire step...        3819
         time,dt,dt_new:    1.408471E+06   4.010464E+03   2.005232E+03
 EOS problem   1.2990302971638931E-007          91
 Scratching entire step...        3850
         time,dt,dt_new:    1.500712E+06   4.311262E+03   2.155631E+03
 EOS problem   1.2994545143175160E-007          91
 Scratching entire step...        3888
         time,dt,dt_new:    1.634851E+06   5.509109E+03   2.754554E+03
 EOS problem   1.0822041856394327E-007          90
 Scratching entire step...        3912
         time,dt,dt_new:    1.723959E+06   4.982234E+03   2.491117E+03
 EOS problem   1.0047562388444011E-007          91
 Scratching entire step...        3944
         time,dt,dt_new:    1.843906E+06   5.489816E+03   2.744908E+03
 EOS problem   1.1814223138281199E-007          91
 Scratching entire step...        3977
         time,dt,dt_new:    1.982124E+06   6.200338E+03   3.100169E+03
    4000   2.076941E+06   5.470591E+03   4.755980E-12   1.329551E+16
 EOS problem   1.1182467376685097E-007          91
 Scratching entire step...        4005
         time,dt,dt_new:    2.105696E+06   6.189472E+03   3.094736E+03
 EOS problem   1.3512103290533184E-007          91
 Scratching entire step...        4028
         time,dt,dt_new:    2.200347E+06   5.461004E+03   2.730502E+03
 EOS problem   1.0147580865549263E-007          91
 Scratching entire step...        4055
         time,dt,dt_new:    2.303865E+06   5.318472E+03   2.659236E+03
 EOS problem   1.1443028436520188E-007          91
 Scratching entire step...        4081
         time,dt,dt_new:    2.399629E+06   5.053327E+03   2.526663E+03
 EOS problem   1.5789761834201062E-007          92
 Scratching entire step...        4120
         time,dt,dt_new:    2.563314E+06   6.618783E+03   3.309392E+03
 EOS problem   1.2954134881545815E-007          91
 Scratching entire step...        4143
         time,dt,dt_new:    2.664530E+06   5.839788E+03   2.919894E+03
 EOS problem   1.0352796270322583E-007          91
 Scratching entire step...        4167
         time,dt,dt_new:    2.758985E+06   5.281288E+03   2.640644E+03
 EOS problem   1.2570007497433673E-007          92
 Scratching entire step...        4204
         time,dt,dt_new:    2.916721E+06   6.584046E+03   3.292023E+03
 EOS problem   1.0509445499951792E-007          92
 Scratching entire step...        4228
         time,dt,dt_new:    3.023215E+06   5.954367E+03   2.977184E+03
 EOS problem   1.2376772562557966E-007          92
 Scratching entire step...        4263
         time,dt,dt_new:    3.186747E+06   7.065468E+03   3.532734E+03
 EOS problem   1.0392442516466554E-007          92
 Scratching entire step...        4287
         time,dt,dt_new:    3.301027E+06   6.389747E+03   3.194874E+03
 EOS problem   1.1416801193343274E-007          92
 Scratching entire step...        4320
         time,dt,dt_new:    3.461902E+06   7.216743E+03   3.608372E+03
 EOS problem   1.1742678839304839E-007          92
 Scratching entire step...        4353
         time,dt,dt_new:    3.643598E+06   8.150773E+03   4.075387E+03
 EOS problem   1.0379410584929301E-007          92
 Scratching entire step...        4384
         time,dt,dt_new:    3.831067E+06   8.762109E+03   4.381054E+03
 EOS problem   1.0233900687550814E-007          92
 Scratching entire step...        4413
         time,dt,dt_new:    4.014442E+06   8.965422E+03   4.482711E+03
 EOS problem   1.5714001959213310E-007          93
 Scratching entire step...        4449
         time,dt,dt_new:    4.271307E+06   1.090435E+04   5.452177E+03
 EOS problem   1.0139342445066266E-007          93
 Scratching entire step...        4474
         time,dt,dt_new:    4.457541E+06   1.010803E+04   5.054015E+03
 EOS problem   1.2958305911971210E-007          93
 Scratching entire step...        4509
         time,dt,dt_new:    4.735149E+06   1.199422E+04   5.997108E+03
 Done! :-) tend reached after     4540 timesteps
 Ni evals:     57  (remap-forced resets:     56)
 Grid remaps:     56
