
 ***********************************
 * Supernova Explosion Code (SNEC) *
 ***********************************

 Removing output directory contents: Data
 Using the Paczynski EOS!
 Profile file: profiles/stripped_star.short
 We have         1482 profile zones.
 We have         1482 composition profile zones.
************************************************************
 Operating in Thermal Bomb Mode  1
 Bomb energy is spread over =            6 points
 Total energy of the model =   -8.9091865990062677E+050  ergs
 Total energy of the bomb =    1.8909186599006268E+051  ergs
************************************************************
 composing opacity tables from OPAL (may take a few minutes)...
 finished composing opacity tables
      nt           time          dtime       max(rho)       shockpos
       0   0.000000E+00   1.025000E-08   1.071201E+08   9.472167E+07
    1000   5.743845E+01   2.135588E-01   1.706965E+02   5.067513E+10
 finished tracing the shock position
 Time of breakout is   670.06588283621647     
    2000   1.702739E+03   3.436896E+00   4.242327E-02   4.505061E+12
    3000   8.224699E+03   1.241268E+01   5.167406E-04   2.694834E+13
    4000   8.226571E+04   3.352818E+02   2.390669E-07   2.861380E+14
 Done! :-) tend reached
